The system is: Linux - 3.0.101-0.35.1_1.0502.8640-cray_ari_s - x86_64
Compiling the C compiler identification source file "CMakeCCompilerId.c" succeeded.
Compiler: /opt/cray/craype/2.2.1/bin/cc 
Build flags: 
Id flags: 

The output was:
0


Compilation of the C compiler identification source "CMakeCCompilerId.c" produced "a.out"

The C compiler identification is GNU, found in "/cfs/klemming/nobackup/f/ffry/hpc_summerschool2016/BIE_laplace_Beskow_parallel/build/CMakeFiles/3.0.2/CompilerIdC/a.out"

Determining if the C compiler works passed with the following output:
Change Dir: /cfs/klemming/nobackup/f/ffry/hpc_summerschool2016/BIE_laplace_Beskow_parallel/build/CMakeFiles/CMakeTmp

Run Build Command:"/usr/bin/gmake" "cmTryCompileExec3740718298/fast"
/usr/bin/gmake -f CMakeFiles/cmTryCompileExec3740718298.dir/build.make CMakeFiles/cmTryCompileExec3740718298.dir/build
gmake[1]: Entering directory `/cfs/klemming/nobackup/f/ffry/hpc_summerschool2016/BIE_laplace_Beskow_parallel/build/CMakeFiles/CMakeTmp'
/cfs/klemming/pdc.vol.beskow/cmake/3.0.2/bin/cmake -E cmake_progress_report /cfs/klemming/nobackup/f/ffry/hpc_summerschool2016/BIE_laplace_Beskow_parallel/build/CMakeFiles/CMakeTmp/CMakeFiles 1
Building C object CMakeFiles/cmTryCompileExec3740718298.dir/testCCompiler.c.o
/opt/cray/craype/2.2.1/bin/cc    -o CMakeFiles/cmTryCompileExec3740718298.dir/testCCompiler.c.o   -c /cfs/klemming/nobackup/f/ffry/hpc_summerschool2016/BIE_laplace_Beskow_parallel/build/CMakeFiles/CMakeTmp/testCCompiler.c
Linking C executable cmTryCompileExec3740718298
/cfs/klemming/pdc.vol.beskow/cmake/3.0.2/bin/cmake -E cmake_link_script CMakeFiles/cmTryCompileExec3740718298.dir/link.txt --verbose=1
/opt/cray/craype/2.2.1/bin/cc       CMakeFiles/cmTryCompileExec3740718298.dir/testCCompiler.c.o  -o cmTryCompileExec3740718298 -rdynamic 
gmake[1]: Leaving directory `/cfs/klemming/nobackup/f/ffry/hpc_summerschool2016/BIE_laplace_Beskow_parallel/build/CMakeFiles/CMakeTmp'


Detecting C compiler ABI info compiled with the following output:
Change Dir: /cfs/klemming/nobackup/f/ffry/hpc_summerschool2016/BIE_laplace_Beskow_parallel/build/CMakeFiles/CMakeTmp

Run Build Command:"/usr/bin/gmake" "cmTryCompileExec3883545921/fast"
/usr/bin/gmake -f CMakeFiles/cmTryCompileExec3883545921.dir/build.make CMakeFiles/cmTryCompileExec3883545921.dir/build
gmake[1]: Entering directory `/cfs/klemming/nobackup/f/ffry/hpc_summerschool2016/BIE_laplace_Beskow_parallel/build/CMakeFiles/CMakeTmp'
/cfs/klemming/pdc.vol.beskow/cmake/3.0.2/bin/cmake -E cmake_progress_report /cfs/klemming/nobackup/f/ffry/hpc_summerschool2016/BIE_laplace_Beskow_parallel/build/CMakeFiles/CMakeTmp/CMakeFiles 1
Building C object CMakeFiles/cmTryCompileExec3883545921.dir/CMakeCCompilerABI.c.o
/opt/cray/craype/2.2.1/bin/cc    -o CMakeFiles/cmTryCompileExec3883545921.dir/CMakeCCompilerABI.c.o   -c /cfs/klemming/pdc.vol.beskow/cmake/3.0.2/share/cmake-3.0/Modules/CMakeCCompilerABI.c
Linking C executable cmTryCompileExec3883545921
/cfs/klemming/pdc.vol.beskow/cmake/3.0.2/bin/cmake -E cmake_link_script CMakeFiles/cmTryCompileExec3883545921.dir/link.txt --verbose=1
/opt/cray/craype/2.2.1/bin/cc     -v CMakeFiles/cmTryCompileExec3883545921.dir/CMakeCCompilerABI.c.o  -o cmTryCompileExec3883545921 -rdynamic  
Using built-in specs.
COLLECT_GCC=/opt/gcc/4.9.1/bin/../snos/bin/gcc
COLLECT_LTO_WRAPPER=/opt/gcc/4.9.1/snos/libexec/gcc/x86_64-suse-linux/4.9.1/lto-wrapper
Target: x86_64-suse-linux
Configured with: ../cray-gcc-4.9.1/configure --prefix=/opt/gcc/4.9.1/snos --disable-nls --libdir=/opt/gcc/4.9.1/snos/lib --enable-languages=c,c++,fortran --with-gxx-include-dir=/opt/gcc/4.9.1/snos/include/g++ --with-slibdir=/opt/gcc/4.9.1/snos/lib --with-system-zlib --enable-shared --enable-__cxa_atexit --build=x86_64-suse-linux --with-ppl --with-cloog
Thread model: posix
gcc version 4.9.1 20140716 (Cray Inc.) (GCC) 
COMPILER_PATH=/opt/gcc/4.9.1/snos/libexec/gcc/x86_64-suse-linux/4.9.1/:/opt/gcc/4.9.1/snos/libexec/gcc/x86_64-suse-linux/4.9.1/:/opt/gcc/4.9.1/snos/libexec/gcc/x86_64-suse-linux/:/opt/gcc/4.9.1/snos/lib/gcc/x86_64-suse-linux/4.9.1/:/opt/gcc/4.9.1/snos/lib/gcc/x86_64-suse-linux/
LIBRARY_PATH=/opt/gcc/4.9.1/snos/lib/gcc/x86_64-suse-linux/4.9.1/:/opt/gcc/4.9.1/snos/lib/gcc/x86_64-suse-linux/4.9.1/../../../../lib64/:/lib/../lib64/:/usr/lib/../lib64/:/opt/gcc/4.9.1/snos/lib/gcc/x86_64-suse-linux/4.9.1/../../../:/lib/:/usr/lib/
COLLECT_GCC_OPTIONS='-march=core-avx2' '-static' '-D' '__CRAYXC' '-D' '__CRAY_HASWELL' '-D' '__CRAYXT_COMPUTE_LINUX_TARGET' '-u' 'pthread_mutex_trylock' '-u' 'pthread_mutex_destroy' '-u' 'pthread_create' '-D' '__TARGET_LINUX__' '-v' '-o' 'cmTryCompileExec3883545921' '-rdynamic' '-I' '/opt/cray/libsci/13.0.1/GNU/49/haswell/include' '-I' '/opt/cray/mpt/7.0.4/gni/mpich2-gnu/49/include' '-I' '/opt/cray/rca/1.0.0-2.0502.57212.2.56.ari/include' '-I' '/opt/cray/pmi/5.0.5-1.0000.10300.134.8.ari/include' '-I' '/opt/cray/xpmem/0.1-2.0502.57015.1.15.ari/include' '-I' '/opt/cray/gni-headers/4.0-1.0502.10317.9.2.ari/include' '-I' '/opt/cray/ugni/6.0-1.0502.10245.9.9.ari/include' '-I' '/opt/cray/udreg/2.3.2-1.0502.9889.2.20.ari/include' '-I' '/opt/cray/alps/5.2.3-2.0502.9295.14.14.ari/include' '-I' '/opt/cray/wlm_detect/1.0-1.0502.57063.1.1.ari/include' '-I' '/opt/cray/krca/1.0.0-2.0502.62017.3.1.ari/include' '-I' '/opt/cray-hss-devel/7.2.0/include' '-L/opt/cray/libsci/13.0.1/GNU/49/haswell/lib' '-L/opt/cray/dmapp/default/lib64' '-L/opt/cray/mpt/7.0.4/gni/mpich2-gnu/49/lib' '-L/opt/cray/dmapp/default/lib64' '-L/opt/cray/mpt/7.0.4/gni/mpich2-gnu/49/lib' '-L/opt/cray/rca/1.0.0-2.0502.57212.2.56.ari/lib64' '-L/opt/cray/pmi/5.0.5-1.0000.10300.134.8.ari/lib64' '-L/opt/cray/xpmem/0.1-2.0502.57015.1.15.ari/lib64' '-L/opt/cray/ugni/6.0-1.0502.10245.9.9.ari/lib64' '-L/opt/cray/udreg/2.3.2-1.0502.9889.2.20.ari/lib64' '-L/opt/cray/alps/5.2.3-2.0502.9295.14.14.ari/lib64' '-L/opt/cray/atp/1.7.5/lib' '-L/opt/cray/wlm_detect/1.0-1.0502.57063.1.1.ari/lib64'
 /opt/gcc/4.9.1/snos/libexec/gcc/x86_64-suse-linux/4.9.1/collect2 -m elf_x86_64 -static -o cmTryCompileExec3883545921 -u pthread_mutex_trylock -u pthread_mutex_destroy -u pthread_create /usr/lib/../lib64/crt1.o /usr/lib/../lib64/crti.o /opt/gcc/4.9.1/snos/lib/gcc/x86_64-suse-linux/4.9.1/crtbeginT.o -L/opt/cray/libsci/13.0.1/GNU/49/haswell/lib -L/opt/cray/dmapp/default/lib64 -L/opt/cray/mpt/7.0.4/gni/mpich2-gnu/49/lib -L/opt/cray/dmapp/default/lib64 -L/opt/cray/mpt/7.0.4/gni/mpich2-gnu/49/lib -L/opt/cray/rca/1.0.0-2.0502.57212.2.56.ari/lib64 -L/opt/cray/pmi/5.0.5-1.0000.10300.134.8.ari/lib64 -L/opt/cray/xpmem/0.1-2.0502.57015.1.15.ari/lib64 -L/opt/cray/ugni/6.0-1.0502.10245.9.9.ari/lib64 -L/opt/cray/udreg/2.3.2-1.0502.9889.2.20.ari/lib64 -L/opt/cray/alps/5.2.3-2.0502.9295.14.14.ari/lib64 -L/opt/cray/atp/1.7.5/lib -L/opt/cray/wlm_detect/1.0-1.0502.57063.1.1.ari/lib64 -L/opt/gcc/4.9.1/snos/lib/gcc/x86_64-suse-linux/4.9.1 -L/opt/gcc/4.9.1/snos/lib/gcc/x86_64-suse-linux/4.9.1/../../../../lib64 -L/lib/../lib64 -L/usr/lib/../lib64 -L/opt/gcc/4.9.1/snos/lib/gcc/x86_64-suse-linux/4.9.1/../../.. CMakeFiles/cmTryCompileExec3883545921.dir/CMakeCCompilerABI.c.o -lAtpSigHandler -lAtpSigHCommData --undefined=_ATP_Data_Globals --undefined=__atpHandlerInstall -lpthread -lsci_gnu_49_mpi -lm -lsci_gnu_49 -lm -lmpich_gnu_49 -lrt -lugni -lpthread -lpmi -lm -lxpmem -ludreg -lmpl -lpmi -lpthread -lalpslli -lpthread -lwlm_detect -lugni -lpthread -lalpsutil -lpthread -lrca --as-needed -lgfortran -lquadmath --no-as-needed --as-needed -lm --no-as-needed --as-needed -lpthread --no-as-needed --start-group -lgcc -lgcc_eh -lc --end-group /opt/gcc/4.9.1/snos/lib/gcc/x86_64-suse-linux/4.9.1/crtend.o /usr/lib/../lib64/crtn.o
gmake[1]: Leaving directory `/cfs/klemming/nobackup/f/ffry/hpc_summerschool2016/BIE_laplace_Beskow_parallel/build/CMakeFiles/CMakeTmp'


Parsed C implicit link information from above output:
  link line regex: [^( *|.*[/\])(ld|([^/\]+-)?ld|collect2)[^/\]*( |$)]
  ignore line: [Change Dir: /cfs/klemming/nobackup/f/ffry/hpc_summerschool2016/BIE_laplace_Beskow_parallel/build/CMakeFiles/CMakeTmp]
  ignore line: []
  ignore line: [Run Build Command:"/usr/bin/gmake" "cmTryCompileExec3883545921/fast"]
  ignore line: [/usr/bin/gmake -f CMakeFiles/cmTryCompileExec3883545921.dir/build.make CMakeFiles/cmTryCompileExec3883545921.dir/build]
  ignore line: [gmake[1]: Entering directory `/cfs/klemming/nobackup/f/ffry/hpc_summerschool2016/BIE_laplace_Beskow_parallel/build/CMakeFiles/CMakeTmp']
  ignore line: [/cfs/klemming/pdc.vol.beskow/cmake/3.0.2/bin/cmake -E cmake_progress_report /cfs/klemming/nobackup/f/ffry/hpc_summerschool2016/BIE_laplace_Beskow_parallel/build/CMakeFiles/CMakeTmp/CMakeFiles 1]
  ignore line: [Building C object CMakeFiles/cmTryCompileExec3883545921.dir/CMakeCCompilerABI.c.o]
  ignore line: [/opt/cray/craype/2.2.1/bin/cc    -o CMakeFiles/cmTryCompileExec3883545921.dir/CMakeCCompilerABI.c.o   -c /cfs/klemming/pdc.vol.beskow/cmake/3.0.2/share/cmake-3.0/Modules/CMakeCCompilerABI.c]
  ignore line: [Linking C executable cmTryCompileExec3883545921]
  ignore line: [/cfs/klemming/pdc.vol.beskow/cmake/3.0.2/bin/cmake -E cmake_link_script CMakeFiles/cmTryCompileExec3883545921.dir/link.txt --verbose=1]
  ignore line: [/opt/cray/craype/2.2.1/bin/cc     -v CMakeFiles/cmTryCompileExec3883545921.dir/CMakeCCompilerABI.c.o  -o cmTryCompileExec3883545921 -rdynamic  ]
  ignore line: [Using built-in specs.]
  ignore line: [COLLECT_GCC=/opt/gcc/4.9.1/bin/../snos/bin/gcc]
  ignore line: [COLLECT_LTO_WRAPPER=/opt/gcc/4.9.1/snos/libexec/gcc/x86_64-suse-linux/4.9.1/lto-wrapper]
  ignore line: [Target: x86_64-suse-linux]
  ignore line: [Configured with: ../cray-gcc-4.9.1/configure --prefix=/opt/gcc/4.9.1/snos --disable-nls --libdir=/opt/gcc/4.9.1/snos/lib --enable-languages=c,c++,fortran --with-gxx-include-dir=/opt/gcc/4.9.1/snos/include/g++ --with-slibdir=/opt/gcc/4.9.1/snos/lib --with-system-zlib --enable-shared --enable-__cxa_atexit --build=x86_64-suse-linux --with-ppl --with-cloog]
  ignore line: [Thread model: posix]
  ignore line: [gcc version 4.9.1 20140716 (Cray Inc.) (GCC) ]
  ignore line: [COMPILER_PATH=/opt/gcc/4.9.1/snos/libexec/gcc/x86_64-suse-linux/4.9.1/:/opt/gcc/4.9.1/snos/libexec/gcc/x86_64-suse-linux/4.9.1/:/opt/gcc/4.9.1/snos/libexec/gcc/x86_64-suse-linux/:/opt/gcc/4.9.1/snos/lib/gcc/x86_64-suse-linux/4.9.1/:/opt/gcc/4.9.1/snos/lib/gcc/x86_64-suse-linux/]
  ignore line: [LIBRARY_PATH=/opt/gcc/4.9.1/snos/lib/gcc/x86_64-suse-linux/4.9.1/:/opt/gcc/4.9.1/snos/lib/gcc/x86_64-suse-linux/4.9.1/../../../../lib64/:/lib/../lib64/:/usr/lib/../lib64/:/opt/gcc/4.9.1/snos/lib/gcc/x86_64-suse-linux/4.9.1/../../../:/lib/:/usr/lib/]
  ignore line: [COLLECT_GCC_OPTIONS='-march=core-avx2' '-static' '-D' '__CRAYXC' '-D' '__CRAY_HASWELL' '-D' '__CRAYXT_COMPUTE_LINUX_TARGET' '-u' 'pthread_mutex_trylock' '-u' 'pthread_mutex_destroy' '-u' 'pthread_create' '-D' '__TARGET_LINUX__' '-v' '-o' 'cmTryCompileExec3883545921' '-rdynamic' '-I' '/opt/cray/libsci/13.0.1/GNU/49/haswell/include' '-I' '/opt/cray/mpt/7.0.4/gni/mpich2-gnu/49/include' '-I' '/opt/cray/rca/1.0.0-2.0502.57212.2.56.ari/include' '-I' '/opt/cray/pmi/5.0.5-1.0000.10300.134.8.ari/include' '-I' '/opt/cray/xpmem/0.1-2.0502.57015.1.15.ari/include' '-I' '/opt/cray/gni-headers/4.0-1.0502.10317.9.2.ari/include' '-I' '/opt/cray/ugni/6.0-1.0502.10245.9.9.ari/include' '-I' '/opt/cray/udreg/2.3.2-1.0502.9889.2.20.ari/include' '-I' '/opt/cray/alps/5.2.3-2.0502.9295.14.14.ari/include' '-I' '/opt/cray/wlm_detect/1.0-1.0502.57063.1.1.ari/include' '-I' '/opt/cray/krca/1.0.0-2.0502.62017.3.1.ari/include' '-I' '/opt/cray-hss-devel/7.2.0/include' '-L/opt/cray/libsci/13.0.1/GNU/49/haswell/lib' '-L/opt/cray/dmapp/default/lib64' '-L/opt/cray/mpt/7.0.4/gni/mpich2-gnu/49/lib' '-L/opt/cray/dmapp/default/lib64' '-L/opt/cray/mpt/7.0.4/gni/mpich2-gnu/49/lib' '-L/opt/cray/rca/1.0.0-2.0502.57212.2.56.ari/lib64' '-L/opt/cray/pmi/5.0.5-1.0000.10300.134.8.ari/lib64' '-L/opt/cray/xpmem/0.1-2.0502.57015.1.15.ari/lib64' '-L/opt/cray/ugni/6.0-1.0502.10245.9.9.ari/lib64' '-L/opt/cray/udreg/2.3.2-1.0502.9889.2.20.ari/lib64' '-L/opt/cray/alps/5.2.3-2.0502.9295.14.14.ari/lib64' '-L/opt/cray/atp/1.7.5/lib' '-L/opt/cray/wlm_detect/1.0-1.0502.57063.1.1.ari/lib64']
  link line: [ /opt/gcc/4.9.1/snos/libexec/gcc/x86_64-suse-linux/4.9.1/collect2 -m elf_x86_64 -static -o cmTryCompileExec3883545921 -u pthread_mutex_trylock -u pthread_mutex_destroy -u pthread_create /usr/lib/../lib64/crt1.o /usr/lib/../lib64/crti.o /opt/gcc/4.9.1/snos/lib/gcc/x86_64-suse-linux/4.9.1/crtbeginT.o -L/opt/cray/libsci/13.0.1/GNU/49/haswell/lib -L/opt/cray/dmapp/default/lib64 -L/opt/cray/mpt/7.0.4/gni/mpich2-gnu/49/lib -L/opt/cray/dmapp/default/lib64 -L/opt/cray/mpt/7.0.4/gni/mpich2-gnu/49/lib -L/opt/cray/rca/1.0.0-2.0502.57212.2.56.ari/lib64 -L/opt/cray/pmi/5.0.5-1.0000.10300.134.8.ari/lib64 -L/opt/cray/xpmem/0.1-2.0502.57015.1.15.ari/lib64 -L/opt/cray/ugni/6.0-1.0502.10245.9.9.ari/lib64 -L/opt/cray/udreg/2.3.2-1.0502.9889.2.20.ari/lib64 -L/opt/cray/alps/5.2.3-2.0502.9295.14.14.ari/lib64 -L/opt/cray/atp/1.7.5/lib -L/opt/cray/wlm_detect/1.0-1.0502.57063.1.1.ari/lib64 -L/opt/gcc/4.9.1/snos/lib/gcc/x86_64-suse-linux/4.9.1 -L/opt/gcc/4.9.1/snos/lib/gcc/x86_64-suse-linux/4.9.1/../../../../lib64 -L/lib/../lib64 -L/usr/lib/../lib64 -L/opt/gcc/4.9.1/snos/lib/gcc/x86_64-suse-linux/4.9.1/../../.. CMakeFiles/cmTryCompileExec3883545921.dir/CMakeCCompilerABI.c.o -lAtpSigHandler -lAtpSigHCommData --undefined=_ATP_Data_Globals --undefined=__atpHandlerInstall -lpthread -lsci_gnu_49_mpi -lm -lsci_gnu_49 -lm -lmpich_gnu_49 -lrt -lugni -lpthread -lpmi -lm -lxpmem -ludreg -lmpl -lpmi -lpthread -lalpslli -lpthread -lwlm_detect -lugni -lpthread -lalpsutil -lpthread -lrca --as-needed -lgfortran -lquadmath --no-as-needed --as-needed -lm --no-as-needed --as-needed -lpthread --no-as-needed --start-group -lgcc -lgcc_eh -lc --end-group /opt/gcc/4.9.1/snos/lib/gcc/x86_64-suse-linux/4.9.1/crtend.o /usr/lib/../lib64/crtn.o]
    arg [/opt/gcc/4.9.1/snos/libexec/gcc/x86_64-suse-linux/4.9.1/collect2] ==> ignore
    arg [-m] ==> ignore
    arg [elf_x86_64] ==> ignore
    arg [-static] ==> ignore
    arg [-o] ==> ignore
    arg [cmTryCompileExec3883545921] ==> ignore
    arg [-u] ==> ignore
    arg [pthread_mutex_trylock] ==> ignore
    arg [-u] ==> ignore
    arg [pthread_mutex_destroy] ==> ignore
    arg [-u] ==> ignore
    arg [pthread_create] ==> ignore
    arg [/usr/lib/../lib64/crt1.o] ==> ignore
    arg [/usr/lib/../lib64/crti.o] ==> ignore
    arg [/opt/gcc/4.9.1/snos/lib/gcc/x86_64-suse-linux/4.9.1/crtbeginT.o] ==> ignore
    arg [-L/opt/cray/libsci/13.0.1/GNU/49/haswell/lib] ==> dir [/opt/cray/libsci/13.0.1/GNU/49/haswell/lib]
    arg [-L/opt/cray/dmapp/default/lib64] ==> dir [/opt/cray/dmapp/default/lib64]
    arg [-L/opt/cray/mpt/7.0.4/gni/mpich2-gnu/49/lib] ==> dir [/opt/cray/mpt/7.0.4/gni/mpich2-gnu/49/lib]
    arg [-L/opt/cray/dmapp/default/lib64] ==> dir [/opt/cray/dmapp/default/lib64]
    arg [-L/opt/cray/mpt/7.0.4/gni/mpich2-gnu/49/lib] ==> dir [/opt/cray/mpt/7.0.4/gni/mpich2-gnu/49/lib]
    arg [-L/opt/cray/rca/1.0.0-2.0502.57212.2.56.ari/lib64] ==> dir [/opt/cray/rca/1.0.0-2.0502.57212.2.56.ari/lib64]
    arg [-L/opt/cray/pmi/5.0.5-1.0000.10300.134.8.ari/lib64] ==> dir [/opt/cray/pmi/5.0.5-1.0000.10300.134.8.ari/lib64]
    arg [-L/opt/cray/xpmem/0.1-2.0502.57015.1.15.ari/lib64] ==> dir [/opt/cray/xpmem/0.1-2.0502.57015.1.15.ari/lib64]
    arg [-L/opt/cray/ugni/6.0-1.0502.10245.9.9.ari/lib64] ==> dir [/opt/cray/ugni/6.0-1.0502.10245.9.9.ari/lib64]
    arg [-L/opt/cray/udreg/2.3.2-1.0502.9889.2.20.ari/lib64] ==> dir [/opt/cray/udreg/2.3.2-1.0502.9889.2.20.ari/lib64]
    arg [-L/opt/cray/alps/5.2.3-2.0502.9295.14.14.ari/lib64] ==> dir [/opt/cray/alps/5.2.3-2.0502.9295.14.14.ari/lib64]
    arg [-L/opt/cray/atp/1.7.5/lib] ==> dir [/opt/cray/atp/1.7.5/lib]
    arg [-L/opt/cray/wlm_detect/1.0-1.0502.57063.1.1.ari/lib64] ==> dir [/opt/cray/wlm_detect/1.0-1.0502.57063.1.1.ari/lib64]
    arg [-L/opt/gcc/4.9.1/snos/lib/gcc/x86_64-suse-linux/4.9.1] ==> dir [/opt/gcc/4.9.1/snos/lib/gcc/x86_64-suse-linux/4.9.1]
    arg [-L/opt/gcc/4.9.1/snos/lib/gcc/x86_64-suse-linux/4.9.1/../../../../lib64] ==> dir [/opt/gcc/4.9.1/snos/lib/gcc/x86_64-suse-linux/4.9.1/../../../../lib64]
    arg [-L/lib/../lib64] ==> dir [/lib/../lib64]
    arg [-L/usr/lib/../lib64] ==> dir [/usr/lib/../lib64]
    arg [-L/opt/gcc/4.9.1/snos/lib/gcc/x86_64-suse-linux/4.9.1/../../..] ==> dir [/opt/gcc/4.9.1/snos/lib/gcc/x86_64-suse-linux/4.9.1/../../..]
    arg [CMakeFiles/cmTryCompileExec3883545921.dir/CMakeCCompilerABI.c.o] ==> ignore
    arg [-lAtpSigHandler] ==> lib [AtpSigHandler]
    arg [-lAtpSigHCommData] ==> lib [AtpSigHCommData]
    arg [--undefined=_ATP_Data_Globals] ==> ignore
    arg [--undefined=__atpHandlerInstall] ==> ignore
    arg [-lpthread] ==> lib [pthread]
    arg [-lsci_gnu_49_mpi] ==> lib [sci_gnu_49_mpi]
    arg [-lm] ==> lib [m]
    arg [-lsci_gnu_49] ==> lib [sci_gnu_49]
    arg [-lm] ==> lib [m]
    arg [-lmpich_gnu_49] ==> lib [mpich_gnu_49]
    arg [-lrt] ==> lib [rt]
    arg [-lugni] ==> lib [ugni]
    arg [-lpthread] ==> lib [pthread]
    arg [-lpmi] ==> lib [pmi]
    arg [-lm] ==> lib [m]
    arg [-lxpmem] ==> lib [xpmem]
    arg [-ludreg] ==> lib [udreg]
    arg [-lmpl] ==> lib [mpl]
    arg [-lpmi] ==> lib [pmi]
    arg [-lpthread] ==> lib [pthread]
    arg [-lalpslli] ==> lib [alpslli]
    arg [-lpthread] ==> lib [pthread]
    arg [-lwlm_detect] ==> lib [wlm_detect]
    arg [-lugni] ==> lib [ugni]
    arg [-lpthread] ==> lib [pthread]
    arg [-lalpsutil] ==> lib [alpsutil]
    arg [-lpthread] ==> lib [pthread]
    arg [-lrca] ==> lib [rca]
    arg [--as-needed] ==> ignore
    arg [-lgfortran] ==> lib [gfortran]
    arg [-lquadmath] ==> lib [quadmath]
    arg [--no-as-needed] ==> ignore
    arg [--as-needed] ==> ignore
    arg [-lm] ==> lib [m]
    arg [--no-as-needed] ==> ignore
    arg [--as-needed] ==> ignore
    arg [-lpthread] ==> lib [pthread]
    arg [--no-as-needed] ==> ignore
    arg [--start-group] ==> ignore
    arg [-lgcc] ==> lib [gcc]
    arg [-lgcc_eh] ==> lib [gcc_eh]
    arg [-lc] ==> lib [c]
    arg [--end-group] ==> ignore
    arg [/opt/gcc/4.9.1/snos/lib/gcc/x86_64-suse-linux/4.9.1/crtend.o] ==> ignore
    arg [/usr/lib/../lib64/crtn.o] ==> ignore
  remove lib [gcc]
  remove lib [gcc_eh]
  collapse library dir [/opt/cray/libsci/13.0.1/GNU/49/haswell/lib] ==> [/opt/cray/libsci/13.0.1/GNU/49/haswell/lib]
  collapse library dir [/opt/cray/dmapp/default/lib64] ==> [/opt/cray/dmapp/default/lib64]
  collapse library dir [/opt/cray/mpt/7.0.4/gni/mpich2-gnu/49/lib] ==> [/opt/cray/mpt/7.0.4/gni/mpich2-gnu/49/lib]
  collapse library dir [/opt/cray/dmapp/default/lib64] ==> [/opt/cray/dmapp/default/lib64]
  collapse library dir [/opt/cray/mpt/7.0.4/gni/mpich2-gnu/49/lib] ==> [/opt/cray/mpt/7.0.4/gni/mpich2-gnu/49/lib]
  collapse library dir [/opt/cray/rca/1.0.0-2.0502.57212.2.56.ari/lib64] ==> [/opt/cray/rca/1.0.0-2.0502.57212.2.56.ari/lib64]
  collapse library dir [/opt/cray/pmi/5.0.5-1.0000.10300.134.8.ari/lib64] ==> [/opt/cray/pmi/5.0.5-1.0000.10300.134.8.ari/lib64]
  collapse library dir [/opt/cray/xpmem/0.1-2.0502.57015.1.15.ari/lib64] ==> [/opt/cray/xpmem/0.1-2.0502.57015.1.15.ari/lib64]
  collapse library dir [/opt/cray/ugni/6.0-1.0502.10245.9.9.ari/lib64] ==> [/opt/cray/ugni/6.0-1.0502.10245.9.9.ari/lib64]
  collapse library dir [/opt/cray/udreg/2.3.2-1.0502.9889.2.20.ari/lib64] ==> [/opt/cray/udreg/2.3.2-1.0502.9889.2.20.ari/lib64]
  collapse library dir [/opt/cray/alps/5.2.3-2.0502.9295.14.14.ari/lib64] ==> [/opt/cray/alps/5.2.3-2.0502.9295.14.14.ari/lib64]
  collapse library dir [/opt/cray/atp/1.7.5/lib] ==> [/opt/cray/atp/1.7.5/lib]
  collapse library dir [/opt/cray/wlm_detect/1.0-1.0502.57063.1.1.ari/lib64] ==> [/opt/cray/wlm_detect/1.0-1.0502.57063.1.1.ari/lib64]
  collapse library dir [/opt/gcc/4.9.1/snos/lib/gcc/x86_64-suse-linux/4.9.1] ==> [/opt/gcc/4.9.1/snos/lib/gcc/x86_64-suse-linux/4.9.1]
  collapse library dir [/opt/gcc/4.9.1/snos/lib/gcc/x86_64-suse-linux/4.9.1/../../../../lib64] ==> [/opt/gcc/4.9.1/snos/lib64]
  collapse library dir [/lib/../lib64] ==> [/lib64]
  collapse library dir [/usr/lib/../lib64] ==> [/usr/lib64]
  collapse library dir [/opt/gcc/4.9.1/snos/lib/gcc/x86_64-suse-linux/4.9.1/../../..] ==> [/opt/gcc/4.9.1/snos/lib]
  implicit libs: [AtpSigHandler;AtpSigHCommData;pthread;sci_gnu_49_mpi;m;sci_gnu_49;m;mpich_gnu_49;rt;ugni;pthread;pmi;m;xpmem;udreg;mpl;pmi;pthread;alpslli;pthread;wlm_detect;ugni;pthread;alpsutil;pthread;rca;gfortran;quadmath;m;pthread;c]
  implicit dirs: [/opt/cray/libsci/13.0.1/GNU/49/haswell/lib;/opt/cray/dmapp/default/lib64;/opt/cray/mpt/7.0.4/gni/mpich2-gnu/49/lib;/opt/cray/rca/1.0.0-2.0502.57212.2.56.ari/lib64;/opt/cray/pmi/5.0.5-1.0000.10300.134.8.ari/lib64;/opt/cray/xpmem/0.1-2.0502.57015.1.15.ari/lib64;/opt/cray/ugni/6.0-1.0502.10245.9.9.ari/lib64;/opt/cray/udreg/2.3.2-1.0502.9889.2.20.ari/lib64;/opt/cray/alps/5.2.3-2.0502.9295.14.14.ari/lib64;/opt/cray/atp/1.7.5/lib;/opt/cray/wlm_detect/1.0-1.0502.57063.1.1.ari/lib64;/opt/gcc/4.9.1/snos/lib/gcc/x86_64-suse-linux/4.9.1;/opt/gcc/4.9.1/snos/lib64;/lib64;/usr/lib64;/opt/gcc/4.9.1/snos/lib]
  implicit fwks: []


Compiling the Fortran compiler identification source file "CMakeFortranCompilerId.F" succeeded.
Compiler: /opt/gcc/4.9.1/bin/gfortran 
Build flags: 
Id flags: 

The output was:
0


Compilation of the Fortran compiler identification source "CMakeFortranCompilerId.F" produced "a.out"

The Fortran compiler identification is GNU, found in "/cfs/klemming/nobackup/f/ffry/hpc_summerschool2016/BIE_laplace_Beskow_parallel/build/CMakeFiles/3.0.2/CompilerIdFortran/a.out"

Determining if the Fortran compiler works passed with the following output:
Change Dir: /cfs/klemming/nobackup/f/ffry/hpc_summerschool2016/BIE_laplace_Beskow_parallel/build/CMakeFiles/CMakeTmp

Run Build Command:"/usr/bin/gmake" "cmTryCompileExec1834845890/fast"
/usr/bin/gmake -f CMakeFiles/cmTryCompileExec1834845890.dir/build.make CMakeFiles/cmTryCompileExec1834845890.dir/build
gmake[1]: Entering directory `/cfs/klemming/nobackup/f/ffry/hpc_summerschool2016/BIE_laplace_Beskow_parallel/build/CMakeFiles/CMakeTmp'
/cfs/klemming/pdc.vol.beskow/cmake/3.0.2/bin/cmake -E cmake_progress_report /cfs/klemming/nobackup/f/ffry/hpc_summerschool2016/BIE_laplace_Beskow_parallel/build/CMakeFiles/CMakeTmp/CMakeFiles 1
Building Fortran object CMakeFiles/cmTryCompileExec1834845890.dir/testFortranCompiler.f.o
/opt/gcc/4.9.1/bin/gfortran    -c /cfs/klemming/nobackup/f/ffry/hpc_summerschool2016/BIE_laplace_Beskow_parallel/build/CMakeFiles/CMakeTmp/testFortranCompiler.f -o CMakeFiles/cmTryCompileExec1834845890.dir/testFortranCompiler.f.o
Linking Fortran executable cmTryCompileExec1834845890
/cfs/klemming/pdc.vol.beskow/cmake/3.0.2/bin/cmake -E cmake_link_script CMakeFiles/cmTryCompileExec1834845890.dir/link.txt --verbose=1
/opt/gcc/4.9.1/bin/gfortran       CMakeFiles/cmTryCompileExec1834845890.dir/testFortranCompiler.f.o  -o cmTryCompileExec1834845890 -rdynamic 
gmake[1]: Leaving directory `/cfs/klemming/nobackup/f/ffry/hpc_summerschool2016/BIE_laplace_Beskow_parallel/build/CMakeFiles/CMakeTmp'


Detecting Fortran compiler ABI info compiled with the following output:
Change Dir: /cfs/klemming/nobackup/f/ffry/hpc_summerschool2016/BIE_laplace_Beskow_parallel/build/CMakeFiles/CMakeTmp

Run Build Command:"/usr/bin/gmake" "cmTryCompileExec2887724659/fast"
/usr/bin/gmake -f CMakeFiles/cmTryCompileExec2887724659.dir/build.make CMakeFiles/cmTryCompileExec2887724659.dir/build
gmake[1]: Entering directory `/cfs/klemming/nobackup/f/ffry/hpc_summerschool2016/BIE_laplace_Beskow_parallel/build/CMakeFiles/CMakeTmp'
/cfs/klemming/pdc.vol.beskow/cmake/3.0.2/bin/cmake -E cmake_progress_report /cfs/klemming/nobackup/f/ffry/hpc_summerschool2016/BIE_laplace_Beskow_parallel/build/CMakeFiles/CMakeTmp/CMakeFiles 1
Building Fortran object CMakeFiles/cmTryCompileExec2887724659.dir/CMakeFortranCompilerABI.F.o
/opt/gcc/4.9.1/bin/gfortran    -c /cfs/klemming/pdc.vol.beskow/cmake/3.0.2/share/cmake-3.0/Modules/CMakeFortranCompilerABI.F -o CMakeFiles/cmTryCompileExec2887724659.dir/CMakeFortranCompilerABI.F.o
Linking Fortran executable cmTryCompileExec2887724659
/cfs/klemming/pdc.vol.beskow/cmake/3.0.2/bin/cmake -E cmake_link_script CMakeFiles/cmTryCompileExec2887724659.dir/link.txt --verbose=1
/opt/gcc/4.9.1/bin/gfortran   -v   CMakeFiles/cmTryCompileExec2887724659.dir/CMakeFortranCompilerABI.F.o  -o cmTryCompileExec2887724659 -rdynamic  
Driving: /opt/gcc/4.9.1/bin/../snos/bin/gfortran -v CMakeFiles/cmTryCompileExec2887724659.dir/CMakeFortranCompilerABI.F.o -o cmTryCompileExec2887724659 -rdynamic -l gfortran -l m -shared-libgcc
Using built-in specs.
COLLECT_GCC=/opt/gcc/4.9.1/bin/../snos/bin/gfortran
COLLECT_LTO_WRAPPER=/opt/gcc/4.9.1/snos/libexec/gcc/x86_64-suse-linux/4.9.1/lto-wrapper
Target: x86_64-suse-linux
Configured with: ../cray-gcc-4.9.1/configure --prefix=/opt/gcc/4.9.1/snos --disable-nls --libdir=/opt/gcc/4.9.1/snos/lib --enable-languages=c,c++,fortran --with-gxx-include-dir=/opt/gcc/4.9.1/snos/include/g++ --with-slibdir=/opt/gcc/4.9.1/snos/lib --with-system-zlib --enable-shared --enable-__cxa_atexit --build=x86_64-suse-linux --with-ppl --with-cloog
Thread model: posix
gcc version 4.9.1 20140716 (Cray Inc.) (GCC) 
Reading specs from /opt/gcc/4.9.1/snos/lib/gcc/x86_64-suse-linux/4.9.1/../../../../lib64/libgfortran.spec
rename spec lib to liborig
COLLECT_GCC_OPTIONS='-v' '-o' 'cmTryCompileExec2887724659' '-rdynamic' '-shared-libgcc' '-mtune=generic' '-march=x86-64'
COMPILER_PATH=/opt/gcc/4.9.1/snos/libexec/gcc/x86_64-suse-linux/4.9.1/:/opt/gcc/4.9.1/snos/libexec/gcc/x86_64-suse-linux/4.9.1/:/opt/gcc/4.9.1/snos/libexec/gcc/x86_64-suse-linux/:/opt/gcc/4.9.1/snos/lib/gcc/x86_64-suse-linux/4.9.1/:/opt/gcc/4.9.1/snos/lib/gcc/x86_64-suse-linux/
LIBRARY_PATH=/opt/gcc/4.9.1/snos/lib/gcc/x86_64-suse-linux/4.9.1/:/opt/gcc/4.9.1/snos/lib/gcc/x86_64-suse-linux/4.9.1/../../../../lib64/:/lib/../lib64/:/usr/lib/../lib64/:/opt/gcc/4.9.1/snos/lib/gcc/x86_64-suse-linux/4.9.1/../../../:/lib/:/usr/lib/
COLLECT_GCC_OPTIONS='-v' '-o' 'cmTryCompileExec2887724659' '-rdynamic' '-shared-libgcc' '-mtune=generic' '-march=x86-64'
 /opt/gcc/4.9.1/snos/libexec/gcc/x86_64-suse-linux/4.9.1/collect2 --eh-frame-hdr -m elf_x86_64 -export-dynamic -dynamic-linker /lib64/ld-linux-x86-64.so.2 -o cmTryCompileExec2887724659 /usr/lib/../lib64/crt1.o /usr/lib/../lib64/crti.o /opt/gcc/4.9.1/snos/lib/gcc/x86_64-suse-linux/4.9.1/crtbegin.o -L/opt/gcc/4.9.1/snos/lib/gcc/x86_64-suse-linux/4.9.1 -L/opt/gcc/4.9.1/snos/lib/gcc/x86_64-suse-linux/4.9.1/../../../../lib64 -L/lib/../lib64 -L/usr/lib/../lib64 -L/opt/gcc/4.9.1/snos/lib/gcc/x86_64-suse-linux/4.9.1/../../.. CMakeFiles/cmTryCompileExec2887724659.dir/CMakeFortranCompilerABI.F.o -lgfortran -lm -lgcc_s -lgcc -lquadmath -lm -lgcc_s -lgcc -lc -lgcc_s -lgcc /opt/gcc/4.9.1/snos/lib/gcc/x86_64-suse-linux/4.9.1/crtend.o /usr/lib/../lib64/crtn.o
gmake[1]: Leaving directory `/cfs/klemming/nobackup/f/ffry/hpc_summerschool2016/BIE_laplace_Beskow_parallel/build/CMakeFiles/CMakeTmp'


Parsed Fortran implicit link information from above output:
  link line regex: [^( *|.*[/\])(ld|([^/\]+-)?ld|collect2)[^/\]*( |$)]
  ignore line: [Change Dir: /cfs/klemming/nobackup/f/ffry/hpc_summerschool2016/BIE_laplace_Beskow_parallel/build/CMakeFiles/CMakeTmp]
  ignore line: []
  ignore line: [Run Build Command:"/usr/bin/gmake" "cmTryCompileExec2887724659/fast"]
  ignore line: [/usr/bin/gmake -f CMakeFiles/cmTryCompileExec2887724659.dir/build.make CMakeFiles/cmTryCompileExec2887724659.dir/build]
  ignore line: [gmake[1]: Entering directory `/cfs/klemming/nobackup/f/ffry/hpc_summerschool2016/BIE_laplace_Beskow_parallel/build/CMakeFiles/CMakeTmp']
  ignore line: [/cfs/klemming/pdc.vol.beskow/cmake/3.0.2/bin/cmake -E cmake_progress_report /cfs/klemming/nobackup/f/ffry/hpc_summerschool2016/BIE_laplace_Beskow_parallel/build/CMakeFiles/CMakeTmp/CMakeFiles 1]
  ignore line: [Building Fortran object CMakeFiles/cmTryCompileExec2887724659.dir/CMakeFortranCompilerABI.F.o]
  ignore line: [/opt/gcc/4.9.1/bin/gfortran    -c /cfs/klemming/pdc.vol.beskow/cmake/3.0.2/share/cmake-3.0/Modules/CMakeFortranCompilerABI.F -o CMakeFiles/cmTryCompileExec2887724659.dir/CMakeFortranCompilerABI.F.o]
  ignore line: [Linking Fortran executable cmTryCompileExec2887724659]
  ignore line: [/cfs/klemming/pdc.vol.beskow/cmake/3.0.2/bin/cmake -E cmake_link_script CMakeFiles/cmTryCompileExec2887724659.dir/link.txt --verbose=1]
  ignore line: [/opt/gcc/4.9.1/bin/gfortran   -v   CMakeFiles/cmTryCompileExec2887724659.dir/CMakeFortranCompilerABI.F.o  -o cmTryCompileExec2887724659 -rdynamic  ]
  ignore line: [Driving: /opt/gcc/4.9.1/bin/../snos/bin/gfortran -v CMakeFiles/cmTryCompileExec2887724659.dir/CMakeFortranCompilerABI.F.o -o cmTryCompileExec2887724659 -rdynamic -l gfortran -l m -shared-libgcc]
  ignore line: [Using built-in specs.]
  ignore line: [COLLECT_GCC=/opt/gcc/4.9.1/bin/../snos/bin/gfortran]
  ignore line: [COLLECT_LTO_WRAPPER=/opt/gcc/4.9.1/snos/libexec/gcc/x86_64-suse-linux/4.9.1/lto-wrapper]
  ignore line: [Target: x86_64-suse-linux]
  ignore line: [Configured with: ../cray-gcc-4.9.1/configure --prefix=/opt/gcc/4.9.1/snos --disable-nls --libdir=/opt/gcc/4.9.1/snos/lib --enable-languages=c,c++,fortran --with-gxx-include-dir=/opt/gcc/4.9.1/snos/include/g++ --with-slibdir=/opt/gcc/4.9.1/snos/lib --with-system-zlib --enable-shared --enable-__cxa_atexit --build=x86_64-suse-linux --with-ppl --with-cloog]
  ignore line: [Thread model: posix]
  ignore line: [gcc version 4.9.1 20140716 (Cray Inc.) (GCC) ]
  ignore line: [Reading specs from /opt/gcc/4.9.1/snos/lib/gcc/x86_64-suse-linux/4.9.1/../../../../lib64/libgfortran.spec]
  ignore line: [rename spec lib to liborig]
  ignore line: [COLLECT_GCC_OPTIONS='-v' '-o' 'cmTryCompileExec2887724659' '-rdynamic' '-shared-libgcc' '-mtune=generic' '-march=x86-64']
  ignore line: [COMPILER_PATH=/opt/gcc/4.9.1/snos/libexec/gcc/x86_64-suse-linux/4.9.1/:/opt/gcc/4.9.1/snos/libexec/gcc/x86_64-suse-linux/4.9.1/:/opt/gcc/4.9.1/snos/libexec/gcc/x86_64-suse-linux/:/opt/gcc/4.9.1/snos/lib/gcc/x86_64-suse-linux/4.9.1/:/opt/gcc/4.9.1/snos/lib/gcc/x86_64-suse-linux/]
  ignore line: [LIBRARY_PATH=/opt/gcc/4.9.1/snos/lib/gcc/x86_64-suse-linux/4.9.1/:/opt/gcc/4.9.1/snos/lib/gcc/x86_64-suse-linux/4.9.1/../../../../lib64/:/lib/../lib64/:/usr/lib/../lib64/:/opt/gcc/4.9.1/snos/lib/gcc/x86_64-suse-linux/4.9.1/../../../:/lib/:/usr/lib/]
  ignore line: [COLLECT_GCC_OPTIONS='-v' '-o' 'cmTryCompileExec2887724659' '-rdynamic' '-shared-libgcc' '-mtune=generic' '-march=x86-64']
  link line: [ /opt/gcc/4.9.1/snos/libexec/gcc/x86_64-suse-linux/4.9.1/collect2 --eh-frame-hdr -m elf_x86_64 -export-dynamic -dynamic-linker /lib64/ld-linux-x86-64.so.2 -o cmTryCompileExec2887724659 /usr/lib/../lib64/crt1.o /usr/lib/../lib64/crti.o /opt/gcc/4.9.1/snos/lib/gcc/x86_64-suse-linux/4.9.1/crtbegin.o -L/opt/gcc/4.9.1/snos/lib/gcc/x86_64-suse-linux/4.9.1 -L/opt/gcc/4.9.1/snos/lib/gcc/x86_64-suse-linux/4.9.1/../../../../lib64 -L/lib/../lib64 -L/usr/lib/../lib64 -L/opt/gcc/4.9.1/snos/lib/gcc/x86_64-suse-linux/4.9.1/../../.. CMakeFiles/cmTryCompileExec2887724659.dir/CMakeFortranCompilerABI.F.o -lgfortran -lm -lgcc_s -lgcc -lquadmath -lm -lgcc_s -lgcc -lc -lgcc_s -lgcc /opt/gcc/4.9.1/snos/lib/gcc/x86_64-suse-linux/4.9.1/crtend.o /usr/lib/../lib64/crtn.o]
    arg [/opt/gcc/4.9.1/snos/libexec/gcc/x86_64-suse-linux/4.9.1/collect2] ==> ignore
    arg [--eh-frame-hdr] ==> ignore
    arg [-m] ==> ignore
    arg [elf_x86_64] ==> ignore
    arg [-export-dynamic] ==> ignore
    arg [-dynamic-linker] ==> ignore
    arg [/lib64/ld-linux-x86-64.so.2] ==> ignore
    arg [-o] ==> ignore
    arg [cmTryCompileExec2887724659] ==> ignore
    arg [/usr/lib/../lib64/crt1.o] ==> ignore
    arg [/usr/lib/../lib64/crti.o] ==> ignore
    arg [/opt/gcc/4.9.1/snos/lib/gcc/x86_64-suse-linux/4.9.1/crtbegin.o] ==> ignore
    arg [-L/opt/gcc/4.9.1/snos/lib/gcc/x86_64-suse-linux/4.9.1] ==> dir [/opt/gcc/4.9.1/snos/lib/gcc/x86_64-suse-linux/4.9.1]
    arg [-L/opt/gcc/4.9.1/snos/lib/gcc/x86_64-suse-linux/4.9.1/../../../../lib64] ==> dir [/opt/gcc/4.9.1/snos/lib/gcc/x86_64-suse-linux/4.9.1/../../../../lib64]
    arg [-L/lib/../lib64] ==> dir [/lib/../lib64]
    arg [-L/usr/lib/../lib64] ==> dir [/usr/lib/../lib64]
    arg [-L/opt/gcc/4.9.1/snos/lib/gcc/x86_64-suse-linux/4.9.1/../../..] ==> dir [/opt/gcc/4.9.1/snos/lib/gcc/x86_64-suse-linux/4.9.1/../../..]
    arg [CMakeFiles/cmTryCompileExec2887724659.dir/CMakeFortranCompilerABI.F.o] ==> ignore
    arg [-lgfortran] ==> lib [gfortran]
    arg [-lm] ==> lib [m]
    arg [-lgcc_s] ==> lib [gcc_s]
    arg [-lgcc] ==> lib [gcc]
    arg [-lquadmath] ==> lib [quadmath]
    arg [-lm] ==> lib [m]
    arg [-lgcc_s] ==> lib [gcc_s]
    arg [-lgcc] ==> lib [gcc]
    arg [-lc] ==> lib [c]
    arg [-lgcc_s] ==> lib [gcc_s]
    arg [-lgcc] ==> lib [gcc]
    arg [/opt/gcc/4.9.1/snos/lib/gcc/x86_64-suse-linux/4.9.1/crtend.o] ==> ignore
    arg [/usr/lib/../lib64/crtn.o] ==> ignore
  remove lib [gcc_s]
  remove lib [gcc]
  remove lib [gcc_s]
  remove lib [gcc]
  remove lib [gcc_s]
  remove lib [gcc]
  collapse library dir [/opt/gcc/4.9.1/snos/lib/gcc/x86_64-suse-linux/4.9.1] ==> [/opt/gcc/4.9.1/snos/lib/gcc/x86_64-suse-linux/4.9.1]
  collapse library dir [/opt/gcc/4.9.1/snos/lib/gcc/x86_64-suse-linux/4.9.1/../../../../lib64] ==> [/opt/gcc/4.9.1/snos/lib64]
  collapse library dir [/lib/../lib64] ==> [/lib64]
  collapse library dir [/usr/lib/../lib64] ==> [/usr/lib64]
  collapse library dir [/opt/gcc/4.9.1/snos/lib/gcc/x86_64-suse-linux/4.9.1/../../..] ==> [/opt/gcc/4.9.1/snos/lib]
  implicit libs: [gfortran;m;quadmath;m;c]
  implicit dirs: [/opt/gcc/4.9.1/snos/lib/gcc/x86_64-suse-linux/4.9.1;/opt/gcc/4.9.1/snos/lib64;/lib64;/usr/lib64;/opt/gcc/4.9.1/snos/lib]
  implicit fwks: []


Determining if the Fortran compiler supports Fortran 90 passed with the following output:
Change Dir: /cfs/klemming/nobackup/f/ffry/hpc_summerschool2016/BIE_laplace_Beskow_parallel/build/CMakeFiles/CMakeTmp

Run Build Command:"/usr/bin/gmake" "cmTryCompileExec4257579984/fast"
/usr/bin/gmake -f CMakeFiles/cmTryCompileExec4257579984.dir/build.make CMakeFiles/cmTryCompileExec4257579984.dir/build
gmake[1]: Entering directory `/cfs/klemming/nobackup/f/ffry/hpc_summerschool2016/BIE_laplace_Beskow_parallel/build/CMakeFiles/CMakeTmp'
/cfs/klemming/pdc.vol.beskow/cmake/3.0.2/bin/cmake -E cmake_progress_report /cfs/klemming/nobackup/f/ffry/hpc_summerschool2016/BIE_laplace_Beskow_parallel/build/CMakeFiles/CMakeTmp/CMakeFiles 1
Building Fortran object CMakeFiles/cmTryCompileExec4257579984.dir/testFortranCompilerF90.f90.o
/opt/gcc/4.9.1/bin/gfortran    -c /cfs/klemming/nobackup/f/ffry/hpc_summerschool2016/BIE_laplace_Beskow_parallel/build/CMakeFiles/CMakeTmp/testFortranCompilerF90.f90 -o CMakeFiles/cmTryCompileExec4257579984.dir/testFortranCompilerF90.f90.o
Linking Fortran executable cmTryCompileExec4257579984
/cfs/klemming/pdc.vol.beskow/cmake/3.0.2/bin/cmake -E cmake_link_script CMakeFiles/cmTryCompileExec4257579984.dir/link.txt --verbose=1
/opt/gcc/4.9.1/bin/gfortran       CMakeFiles/cmTryCompileExec4257579984.dir/testFortranCompilerF90.f90.o  -o cmTryCompileExec4257579984 -rdynamic 
gmake[1]: Leaving directory `/cfs/klemming/nobackup/f/ffry/hpc_summerschool2016/BIE_laplace_Beskow_parallel/build/CMakeFiles/CMakeTmp'


