The system is: Linux - 3.0.101-0.35.1_1.0502.8640-cray_ari_s - x86_64
Compiling the C compiler identification source file "CMakeCCompilerId.c" succeeded.
Compiler: /opt/cray/craype/2.2.1/bin/cc 
Build flags: 
Id flags: 

The output was:
0


Compilation of the C compiler identification source "CMakeCCompilerId.c" produced "a.out"

The C compiler identification is GNU, found in "/cfs/klemming/nobackup/s/sarapal/project/BIE_Laplace_PDC/BIE_laplace_Beskow_mpi/build/CMakeFiles/3.7.1/CompilerIdC/a.out"

Determining if the C compiler works passed with the following output:
Change Dir: /cfs/klemming/nobackup/s/sarapal/project/BIE_Laplace_PDC/BIE_laplace_Beskow_mpi/build/CMakeFiles/CMakeTmp

Run Build Command:"/usr/bin/gmake" "cmTC_4e398/fast"
/usr/bin/gmake -f CMakeFiles/cmTC_4e398.dir/build.make CMakeFiles/cmTC_4e398.dir/build
gmake[1]: Entering directory `/cfs/klemming/nobackup/s/sarapal/project/BIE_Laplace_PDC/BIE_laplace_Beskow_mpi/build/CMakeFiles/CMakeTmp'
Building C object CMakeFiles/cmTC_4e398.dir/testCCompiler.c.o
/opt/cray/craype/2.2.1/bin/cc     -o CMakeFiles/cmTC_4e398.dir/testCCompiler.c.o   -c /cfs/klemming/nobackup/s/sarapal/project/BIE_Laplace_PDC/BIE_laplace_Beskow_mpi/build/CMakeFiles/CMakeTmp/testCCompiler.c
Linking C executable cmTC_4e398
/cfs/klemming/pdc.vol.beskow/cmake/3.7.1/bin/cmake -E cmake_link_script CMakeFiles/cmTC_4e398.dir/link.txt --verbose=1
/opt/cray/craype/2.2.1/bin/cc       CMakeFiles/cmTC_4e398.dir/testCCompiler.c.o  -o cmTC_4e398 
gmake[1]: Leaving directory `/cfs/klemming/nobackup/s/sarapal/project/BIE_Laplace_PDC/BIE_laplace_Beskow_mpi/build/CMakeFiles/CMakeTmp'


Detecting C compiler ABI info compiled with the following output:
Change Dir: /cfs/klemming/nobackup/s/sarapal/project/BIE_Laplace_PDC/BIE_laplace_Beskow_mpi/build/CMakeFiles/CMakeTmp

Run Build Command:"/usr/bin/gmake" "cmTC_6df61/fast"
/usr/bin/gmake -f CMakeFiles/cmTC_6df61.dir/build.make CMakeFiles/cmTC_6df61.dir/build
gmake[1]: Entering directory `/cfs/klemming/nobackup/s/sarapal/project/BIE_Laplace_PDC/BIE_laplace_Beskow_mpi/build/CMakeFiles/CMakeTmp'
Building C object CMakeFiles/cmTC_6df61.dir/CMakeCCompilerABI.c.o
/opt/cray/craype/2.2.1/bin/cc     -o CMakeFiles/cmTC_6df61.dir/CMakeCCompilerABI.c.o   -c /cfs/klemming/pdc.vol.beskow/cmake/3.7.1/share/cmake-3.7/Modules/CMakeCCompilerABI.c
Linking C executable cmTC_6df61
/cfs/klemming/pdc.vol.beskow/cmake/3.7.1/bin/cmake -E cmake_link_script CMakeFiles/cmTC_6df61.dir/link.txt --verbose=1
/opt/cray/craype/2.2.1/bin/cc      -v CMakeFiles/cmTC_6df61.dir/CMakeCCompilerABI.c.o  -o cmTC_6df61  
Using built-in specs.
COLLECT_GCC=/opt/gcc/4.9.1/bin/../snos/bin/gcc
COLLECT_LTO_WRAPPER=/opt/gcc/4.9.1/snos/libexec/gcc/x86_64-suse-linux/4.9.1/lto-wrapper
Target: x86_64-suse-linux
Configured with: ../cray-gcc-4.9.1/configure --prefix=/opt/gcc/4.9.1/snos --disable-nls --libdir=/opt/gcc/4.9.1/snos/lib --enable-languages=c,c++,fortran --with-gxx-include-dir=/opt/gcc/4.9.1/snos/include/g++ --with-slibdir=/opt/gcc/4.9.1/snos/lib --with-system-zlib --enable-shared --enable-__cxa_atexit --build=x86_64-suse-linux --with-ppl --with-cloog
Thread model: posix
gcc version 4.9.1 20140716 (Cray Inc.) (GCC) 
COMPILER_PATH=/opt/gcc/4.9.1/snos/libexec/gcc/x86_64-suse-linux/4.9.1/:/opt/gcc/4.9.1/snos/libexec/gcc/x86_64-suse-linux/4.9.1/:/opt/gcc/4.9.1/snos/libexec/gcc/x86_64-suse-linux/:/opt/gcc/4.9.1/snos/lib/gcc/x86_64-suse-linux/4.9.1/:/opt/gcc/4.9.1/snos/lib/gcc/x86_64-suse-linux/
LIBRARY_PATH=/opt/gcc/4.9.1/snos/lib/gcc/x86_64-suse-linux/4.9.1/:/opt/gcc/4.9.1/snos/lib/gcc/x86_64-suse-linux/4.9.1/../../../../lib64/:/lib/../lib64/:/usr/lib/../lib64/:/opt/gcc/4.9.1/snos/lib/gcc/x86_64-suse-linux/4.9.1/../../../:/lib/:/usr/lib/
COLLECT_GCC_OPTIONS='-march=core-avx2' '-static' '-D' '__CRAYXC' '-D' '__CRAY_HASWELL' '-D' '__CRAYXT_COMPUTE_LINUX_TARGET' '-u' 'pthread_mutex_trylock' '-u' 'pthread_mutex_destroy' '-u' 'pthread_create' '-D' '__TARGET_LINUX__' '-v' '-o' 'cmTC_6df61' '-I' '/opt/cray/libsci/13.0.1/GNU/49/haswell/include' '-I' '/opt/cray/mpt/7.0.4/gni/mpich2-gnu/49/include' '-I' '/opt/cray/rca/1.0.0-2.0502.57212.2.56.ari/include' '-I' '/opt/cray/pmi/5.0.5-1.0000.10300.134.8.ari/include' '-I' '/opt/cray/xpmem/0.1-2.0502.57015.1.15.ari/include' '-I' '/opt/cray/gni-headers/4.0-1.0502.10317.9.2.ari/include' '-I' '/opt/cray/ugni/6.0-1.0502.10245.9.9.ari/include' '-I' '/opt/cray/udreg/2.3.2-1.0502.9889.2.20.ari/include' '-I' '/opt/cray/alps/5.2.3-2.0502.9295.14.14.ari/include' '-I' '/opt/cray/wlm_detect/1.0-1.0502.57063.1.1.ari/include' '-I' '/opt/cray/krca/1.0.0-2.0502.62017.3.1.ari/include' '-I' '/opt/cray-hss-devel/7.2.0/include' '-L/opt/cray/libsci/13.0.1/GNU/49/haswell/lib' '-L/opt/cray/dmapp/default/lib64' '-L/opt/cray/mpt/7.0.4/gni/mpich2-gnu/49/lib' '-L/opt/cray/dmapp/default/lib64' '-L/opt/cray/mpt/7.0.4/gni/mpich2-gnu/49/lib' '-L/opt/cray/rca/1.0.0-2.0502.57212.2.56.ari/lib64' '-L/opt/cray/pmi/5.0.5-1.0000.10300.134.8.ari/lib64' '-L/opt/cray/xpmem/0.1-2.0502.57015.1.15.ari/lib64' '-L/opt/cray/ugni/6.0-1.0502.10245.9.9.ari/lib64' '-L/opt/cray/udreg/2.3.2-1.0502.9889.2.20.ari/lib64' '-L/opt/cray/alps/5.2.3-2.0502.9295.14.14.ari/lib64' '-L/opt/cray/atp/1.7.5/lib' '-L/opt/cray/wlm_detect/1.0-1.0502.57063.1.1.ari/lib64'
 /opt/gcc/4.9.1/snos/libexec/gcc/x86_64-suse-linux/4.9.1/collect2 -m elf_x86_64 -static -o cmTC_6df61 -u pthread_mutex_trylock -u pthread_mutex_destroy -u pthread_create /usr/lib/../lib64/crt1.o /usr/lib/../lib64/crti.o /opt/gcc/4.9.1/snos/lib/gcc/x86_64-suse-linux/4.9.1/crtbeginT.o -L/opt/cray/libsci/13.0.1/GNU/49/haswell/lib -L/opt/cray/dmapp/default/lib64 -L/opt/cray/mpt/7.0.4/gni/mpich2-gnu/49/lib -L/opt/cray/dmapp/default/lib64 -L/opt/cray/mpt/7.0.4/gni/mpich2-gnu/49/lib -L/opt/cray/rca/1.0.0-2.0502.57212.2.56.ari/lib64 -L/opt/cray/pmi/5.0.5-1.0000.10300.134.8.ari/lib64 -L/opt/cray/xpmem/0.1-2.0502.57015.1.15.ari/lib64 -L/opt/cray/ugni/6.0-1.0502.10245.9.9.ari/lib64 -L/opt/cray/udreg/2.3.2-1.0502.9889.2.20.ari/lib64 -L/opt/cray/alps/5.2.3-2.0502.9295.14.14.ari/lib64 -L/opt/cray/atp/1.7.5/lib -L/opt/cray/wlm_detect/1.0-1.0502.57063.1.1.ari/lib64 -L/opt/gcc/4.9.1/snos/lib/gcc/x86_64-suse-linux/4.9.1 -L/opt/gcc/4.9.1/snos/lib/gcc/x86_64-suse-linux/4.9.1/../../../../lib64 -L/lib/../lib64 -L/usr/lib/../lib64 -L/opt/gcc/4.9.1/snos/lib/gcc/x86_64-suse-linux/4.9.1/../../.. CMakeFiles/cmTC_6df61.dir/CMakeCCompilerABI.c.o -lAtpSigHandler -lAtpSigHCommData --undefined=_ATP_Data_Globals --undefined=__atpHandlerInstall -lpthread -lsci_gnu_49_mpi -lm -lsci_gnu_49 -lm -lmpich_gnu_49 -lrt -lugni -lpthread -lpmi -lm -lxpmem -ludreg -lmpl -lpmi -lpthread -lalpslli -lpthread -lwlm_detect -lugni -lpthread -lalpsutil -lpthread -lrca --as-needed -lgfortran -lquadmath --no-as-needed --as-needed -lm --no-as-needed --as-needed -lpthread --no-as-needed --start-group -lgcc -lgcc_eh -lc --end-group /opt/gcc/4.9.1/snos/lib/gcc/x86_64-suse-linux/4.9.1/crtend.o /usr/lib/../lib64/crtn.o
gmake[1]: Leaving directory `/cfs/klemming/nobackup/s/sarapal/project/BIE_Laplace_PDC/BIE_laplace_Beskow_mpi/build/CMakeFiles/CMakeTmp'


Parsed C implicit link information from above output:
  link line regex: [^( *|.*[/\])(ld|([^/\]+-)?ld|collect2)[^/\]*( |$)]
  ignore line: [Change Dir: /cfs/klemming/nobackup/s/sarapal/project/BIE_Laplace_PDC/BIE_laplace_Beskow_mpi/build/CMakeFiles/CMakeTmp]
  ignore line: []
  ignore line: [Run Build Command:"/usr/bin/gmake" "cmTC_6df61/fast"]
  ignore line: [/usr/bin/gmake -f CMakeFiles/cmTC_6df61.dir/build.make CMakeFiles/cmTC_6df61.dir/build]
  ignore line: [gmake[1]: Entering directory `/cfs/klemming/nobackup/s/sarapal/project/BIE_Laplace_PDC/BIE_laplace_Beskow_mpi/build/CMakeFiles/CMakeTmp']
  ignore line: [Building C object CMakeFiles/cmTC_6df61.dir/CMakeCCompilerABI.c.o]
  ignore line: [/opt/cray/craype/2.2.1/bin/cc     -o CMakeFiles/cmTC_6df61.dir/CMakeCCompilerABI.c.o   -c /cfs/klemming/pdc.vol.beskow/cmake/3.7.1/share/cmake-3.7/Modules/CMakeCCompilerABI.c]
  ignore line: [Linking C executable cmTC_6df61]
  ignore line: [/cfs/klemming/pdc.vol.beskow/cmake/3.7.1/bin/cmake -E cmake_link_script CMakeFiles/cmTC_6df61.dir/link.txt --verbose=1]
  ignore line: [/opt/cray/craype/2.2.1/bin/cc      -v CMakeFiles/cmTC_6df61.dir/CMakeCCompilerABI.c.o  -o cmTC_6df61  ]
  ignore line: [Using built-in specs.]
  ignore line: [COLLECT_GCC=/opt/gcc/4.9.1/bin/../snos/bin/gcc]
  ignore line: [COLLECT_LTO_WRAPPER=/opt/gcc/4.9.1/snos/libexec/gcc/x86_64-suse-linux/4.9.1/lto-wrapper]
  ignore line: [Target: x86_64-suse-linux]
  ignore line: [Configured with: ../cray-gcc-4.9.1/configure --prefix=/opt/gcc/4.9.1/snos --disable-nls --libdir=/opt/gcc/4.9.1/snos/lib --enable-languages=c,c++,fortran --with-gxx-include-dir=/opt/gcc/4.9.1/snos/include/g++ --with-slibdir=/opt/gcc/4.9.1/snos/lib --with-system-zlib --enable-shared --enable-__cxa_atexit --build=x86_64-suse-linux --with-ppl --with-cloog]
  ignore line: [Thread model: posix]
  ignore line: [gcc version 4.9.1 20140716 (Cray Inc.) (GCC) ]
  ignore line: [COMPILER_PATH=/opt/gcc/4.9.1/snos/libexec/gcc/x86_64-suse-linux/4.9.1/:/opt/gcc/4.9.1/snos/libexec/gcc/x86_64-suse-linux/4.9.1/:/opt/gcc/4.9.1/snos/libexec/gcc/x86_64-suse-linux/:/opt/gcc/4.9.1/snos/lib/gcc/x86_64-suse-linux/4.9.1/:/opt/gcc/4.9.1/snos/lib/gcc/x86_64-suse-linux/]
  ignore line: [LIBRARY_PATH=/opt/gcc/4.9.1/snos/lib/gcc/x86_64-suse-linux/4.9.1/:/opt/gcc/4.9.1/snos/lib/gcc/x86_64-suse-linux/4.9.1/../../../../lib64/:/lib/../lib64/:/usr/lib/../lib64/:/opt/gcc/4.9.1/snos/lib/gcc/x86_64-suse-linux/4.9.1/../../../:/lib/:/usr/lib/]
  ignore line: [COLLECT_GCC_OPTIONS='-march=core-avx2' '-static' '-D' '__CRAYXC' '-D' '__CRAY_HASWELL' '-D' '__CRAYXT_COMPUTE_LINUX_TARGET' '-u' 'pthread_mutex_trylock' '-u' 'pthread_mutex_destroy' '-u' 'pthread_create' '-D' '__TARGET_LINUX__' '-v' '-o' 'cmTC_6df61' '-I' '/opt/cray/libsci/13.0.1/GNU/49/haswell/include' '-I' '/opt/cray/mpt/7.0.4/gni/mpich2-gnu/49/include' '-I' '/opt/cray/rca/1.0.0-2.0502.57212.2.56.ari/include' '-I' '/opt/cray/pmi/5.0.5-1.0000.10300.134.8.ari/include' '-I' '/opt/cray/xpmem/0.1-2.0502.57015.1.15.ari/include' '-I' '/opt/cray/gni-headers/4.0-1.0502.10317.9.2.ari/include' '-I' '/opt/cray/ugni/6.0-1.0502.10245.9.9.ari/include' '-I' '/opt/cray/udreg/2.3.2-1.0502.9889.2.20.ari/include' '-I' '/opt/cray/alps/5.2.3-2.0502.9295.14.14.ari/include' '-I' '/opt/cray/wlm_detect/1.0-1.0502.57063.1.1.ari/include' '-I' '/opt/cray/krca/1.0.0-2.0502.62017.3.1.ari/include' '-I' '/opt/cray-hss-devel/7.2.0/include' '-L/opt/cray/libsci/13.0.1/GNU/49/haswell/lib' '-L/opt/cray/dmapp/default/lib64' '-L/opt/cray/mpt/7.0.4/gni/mpich2-gnu/49/lib' '-L/opt/cray/dmapp/default/lib64' '-L/opt/cray/mpt/7.0.4/gni/mpich2-gnu/49/lib' '-L/opt/cray/rca/1.0.0-2.0502.57212.2.56.ari/lib64' '-L/opt/cray/pmi/5.0.5-1.0000.10300.134.8.ari/lib64' '-L/opt/cray/xpmem/0.1-2.0502.57015.1.15.ari/lib64' '-L/opt/cray/ugni/6.0-1.0502.10245.9.9.ari/lib64' '-L/opt/cray/udreg/2.3.2-1.0502.9889.2.20.ari/lib64' '-L/opt/cray/alps/5.2.3-2.0502.9295.14.14.ari/lib64' '-L/opt/cray/atp/1.7.5/lib' '-L/opt/cray/wlm_detect/1.0-1.0502.57063.1.1.ari/lib64']
  link line: [ /opt/gcc/4.9.1/snos/libexec/gcc/x86_64-suse-linux/4.9.1/collect2 -m elf_x86_64 -static -o cmTC_6df61 -u pthread_mutex_trylock -u pthread_mutex_destroy -u pthread_create /usr/lib/../lib64/crt1.o /usr/lib/../lib64/crti.o /opt/gcc/4.9.1/snos/lib/gcc/x86_64-suse-linux/4.9.1/crtbeginT.o -L/opt/cray/libsci/13.0.1/GNU/49/haswell/lib -L/opt/cray/dmapp/default/lib64 -L/opt/cray/mpt/7.0.4/gni/mpich2-gnu/49/lib -L/opt/cray/dmapp/default/lib64 -L/opt/cray/mpt/7.0.4/gni/mpich2-gnu/49/lib -L/opt/cray/rca/1.0.0-2.0502.57212.2.56.ari/lib64 -L/opt/cray/pmi/5.0.5-1.0000.10300.134.8.ari/lib64 -L/opt/cray/xpmem/0.1-2.0502.57015.1.15.ari/lib64 -L/opt/cray/ugni/6.0-1.0502.10245.9.9.ari/lib64 -L/opt/cray/udreg/2.3.2-1.0502.9889.2.20.ari/lib64 -L/opt/cray/alps/5.2.3-2.0502.9295.14.14.ari/lib64 -L/opt/cray/atp/1.7.5/lib -L/opt/cray/wlm_detect/1.0-1.0502.57063.1.1.ari/lib64 -L/opt/gcc/4.9.1/snos/lib/gcc/x86_64-suse-linux/4.9.1 -L/opt/gcc/4.9.1/snos/lib/gcc/x86_64-suse-linux/4.9.1/../../../../lib64 -L/lib/../lib64 -L/usr/lib/../lib64 -L/opt/gcc/4.9.1/snos/lib/gcc/x86_64-suse-linux/4.9.1/../../.. CMakeFiles/cmTC_6df61.dir/CMakeCCompilerABI.c.o -lAtpSigHandler -lAtpSigHCommData --undefined=_ATP_Data_Globals --undefined=__atpHandlerInstall -lpthread -lsci_gnu_49_mpi -lm -lsci_gnu_49 -lm -lmpich_gnu_49 -lrt -lugni -lpthread -lpmi -lm -lxpmem -ludreg -lmpl -lpmi -lpthread -lalpslli -lpthread -lwlm_detect -lugni -lpthread -lalpsutil -lpthread -lrca --as-needed -lgfortran -lquadmath --no-as-needed --as-needed -lm --no-as-needed --as-needed -lpthread --no-as-needed --start-group -lgcc -lgcc_eh -lc --end-group /opt/gcc/4.9.1/snos/lib/gcc/x86_64-suse-linux/4.9.1/crtend.o /usr/lib/../lib64/crtn.o]
    arg [/opt/gcc/4.9.1/snos/libexec/gcc/x86_64-suse-linux/4.9.1/collect2] ==> ignore
    arg [-m] ==> ignore
    arg [elf_x86_64] ==> ignore
    arg [-static] ==> ignore
    arg [-o] ==> ignore
    arg [cmTC_6df61] ==> ignore
    arg [-u] ==> ignore
    arg [pthread_mutex_trylock] ==> ignore
    arg [-u] ==> ignore
    arg [pthread_mutex_destroy] ==> ignore
    arg [-u] ==> ignore
    arg [pthread_create] ==> ignore
    arg [/usr/lib/../lib64/crt1.o] ==> ignore
    arg [/usr/lib/../lib64/crti.o] ==> ignore
    arg [/opt/gcc/4.9.1/snos/lib/gcc/x86_64-suse-linux/4.9.1/crtbeginT.o] ==> ignore
    arg [-L/opt/cray/libsci/13.0.1/GNU/49/haswell/lib] ==> dir [/opt/cray/libsci/13.0.1/GNU/49/haswell/lib]
    arg [-L/opt/cray/dmapp/default/lib64] ==> dir [/opt/cray/dmapp/default/lib64]
    arg [-L/opt/cray/mpt/7.0.4/gni/mpich2-gnu/49/lib] ==> dir [/opt/cray/mpt/7.0.4/gni/mpich2-gnu/49/lib]
    arg [-L/opt/cray/dmapp/default/lib64] ==> dir [/opt/cray/dmapp/default/lib64]
    arg [-L/opt/cray/mpt/7.0.4/gni/mpich2-gnu/49/lib] ==> dir [/opt/cray/mpt/7.0.4/gni/mpich2-gnu/49/lib]
    arg [-L/opt/cray/rca/1.0.0-2.0502.57212.2.56.ari/lib64] ==> dir [/opt/cray/rca/1.0.0-2.0502.57212.2.56.ari/lib64]
    arg [-L/opt/cray/pmi/5.0.5-1.0000.10300.134.8.ari/lib64] ==> dir [/opt/cray/pmi/5.0.5-1.0000.10300.134.8.ari/lib64]
    arg [-L/opt/cray/xpmem/0.1-2.0502.57015.1.15.ari/lib64] ==> dir [/opt/cray/xpmem/0.1-2.0502.57015.1.15.ari/lib64]
    arg [-L/opt/cray/ugni/6.0-1.0502.10245.9.9.ari/lib64] ==> dir [/opt/cray/ugni/6.0-1.0502.10245.9.9.ari/lib64]
    arg [-L/opt/cray/udreg/2.3.2-1.0502.9889.2.20.ari/lib64] ==> dir [/opt/cray/udreg/2.3.2-1.0502.9889.2.20.ari/lib64]
    arg [-L/opt/cray/alps/5.2.3-2.0502.9295.14.14.ari/lib64] ==> dir [/opt/cray/alps/5.2.3-2.0502.9295.14.14.ari/lib64]
    arg [-L/opt/cray/atp/1.7.5/lib] ==> dir [/opt/cray/atp/1.7.5/lib]
    arg [-L/opt/cray/wlm_detect/1.0-1.0502.57063.1.1.ari/lib64] ==> dir [/opt/cray/wlm_detect/1.0-1.0502.57063.1.1.ari/lib64]
    arg [-L/opt/gcc/4.9.1/snos/lib/gcc/x86_64-suse-linux/4.9.1] ==> dir [/opt/gcc/4.9.1/snos/lib/gcc/x86_64-suse-linux/4.9.1]
    arg [-L/opt/gcc/4.9.1/snos/lib/gcc/x86_64-suse-linux/4.9.1/../../../../lib64] ==> dir [/opt/gcc/4.9.1/snos/lib/gcc/x86_64-suse-linux/4.9.1/../../../../lib64]
    arg [-L/lib/../lib64] ==> dir [/lib/../lib64]
    arg [-L/usr/lib/../lib64] ==> dir [/usr/lib/../lib64]
    arg [-L/opt/gcc/4.9.1/snos/lib/gcc/x86_64-suse-linux/4.9.1/../../..] ==> dir [/opt/gcc/4.9.1/snos/lib/gcc/x86_64-suse-linux/4.9.1/../../..]
    arg [CMakeFiles/cmTC_6df61.dir/CMakeCCompilerABI.c.o] ==> ignore
    arg [-lAtpSigHandler] ==> lib [AtpSigHandler]
    arg [-lAtpSigHCommData] ==> lib [AtpSigHCommData]
    arg [--undefined=_ATP_Data_Globals] ==> ignore
    arg [--undefined=__atpHandlerInstall] ==> ignore
    arg [-lpthread] ==> lib [pthread]
    arg [-lsci_gnu_49_mpi] ==> lib [sci_gnu_49_mpi]
    arg [-lm] ==> lib [m]
    arg [-lsci_gnu_49] ==> lib [sci_gnu_49]
    arg [-lm] ==> lib [m]
    arg [-lmpich_gnu_49] ==> lib [mpich_gnu_49]
    arg [-lrt] ==> lib [rt]
    arg [-lugni] ==> lib [ugni]
    arg [-lpthread] ==> lib [pthread]
    arg [-lpmi] ==> lib [pmi]
    arg [-lm] ==> lib [m]
    arg [-lxpmem] ==> lib [xpmem]
    arg [-ludreg] ==> lib [udreg]
    arg [-lmpl] ==> lib [mpl]
    arg [-lpmi] ==> lib [pmi]
    arg [-lpthread] ==> lib [pthread]
    arg [-lalpslli] ==> lib [alpslli]
    arg [-lpthread] ==> lib [pthread]
    arg [-lwlm_detect] ==> lib [wlm_detect]
    arg [-lugni] ==> lib [ugni]
    arg [-lpthread] ==> lib [pthread]
    arg [-lalpsutil] ==> lib [alpsutil]
    arg [-lpthread] ==> lib [pthread]
    arg [-lrca] ==> lib [rca]
    arg [--as-needed] ==> ignore
    arg [-lgfortran] ==> lib [gfortran]
    arg [-lquadmath] ==> lib [quadmath]
    arg [--no-as-needed] ==> ignore
    arg [--as-needed] ==> ignore
    arg [-lm] ==> lib [m]
    arg [--no-as-needed] ==> ignore
    arg [--as-needed] ==> ignore
    arg [-lpthread] ==> lib [pthread]
    arg [--no-as-needed] ==> ignore
    arg [--start-group] ==> ignore
    arg [-lgcc] ==> lib [gcc]
    arg [-lgcc_eh] ==> lib [gcc_eh]
    arg [-lc] ==> lib [c]
    arg [--end-group] ==> ignore
    arg [/opt/gcc/4.9.1/snos/lib/gcc/x86_64-suse-linux/4.9.1/crtend.o] ==> ignore
    arg [/usr/lib/../lib64/crtn.o] ==> ignore
  remove lib [gcc]
  remove lib [gcc_eh]
  collapse library dir [/opt/cray/libsci/13.0.1/GNU/49/haswell/lib] ==> [/opt/cray/libsci/13.0.1/GNU/49/haswell/lib]
  collapse library dir [/opt/cray/dmapp/default/lib64] ==> [/opt/cray/dmapp/default/lib64]
  collapse library dir [/opt/cray/mpt/7.0.4/gni/mpich2-gnu/49/lib] ==> [/opt/cray/mpt/7.0.4/gni/mpich2-gnu/49/lib]
  collapse library dir [/opt/cray/dmapp/default/lib64] ==> [/opt/cray/dmapp/default/lib64]
  collapse library dir [/opt/cray/mpt/7.0.4/gni/mpich2-gnu/49/lib] ==> [/opt/cray/mpt/7.0.4/gni/mpich2-gnu/49/lib]
  collapse library dir [/opt/cray/rca/1.0.0-2.0502.57212.2.56.ari/lib64] ==> [/opt/cray/rca/1.0.0-2.0502.57212.2.56.ari/lib64]
  collapse library dir [/opt/cray/pmi/5.0.5-1.0000.10300.134.8.ari/lib64] ==> [/opt/cray/pmi/5.0.5-1.0000.10300.134.8.ari/lib64]
  collapse library dir [/opt/cray/xpmem/0.1-2.0502.57015.1.15.ari/lib64] ==> [/opt/cray/xpmem/0.1-2.0502.57015.1.15.ari/lib64]
  collapse library dir [/opt/cray/ugni/6.0-1.0502.10245.9.9.ari/lib64] ==> [/opt/cray/ugni/6.0-1.0502.10245.9.9.ari/lib64]
  collapse library dir [/opt/cray/udreg/2.3.2-1.0502.9889.2.20.ari/lib64] ==> [/opt/cray/udreg/2.3.2-1.0502.9889.2.20.ari/lib64]
  collapse library dir [/opt/cray/alps/5.2.3-2.0502.9295.14.14.ari/lib64] ==> [/opt/cray/alps/5.2.3-2.0502.9295.14.14.ari/lib64]
  collapse library dir [/opt/cray/atp/1.7.5/lib] ==> [/opt/cray/atp/1.7.5/lib]
  collapse library dir [/opt/cray/wlm_detect/1.0-1.0502.57063.1.1.ari/lib64] ==> [/opt/cray/wlm_detect/1.0-1.0502.57063.1.1.ari/lib64]
  collapse library dir [/opt/gcc/4.9.1/snos/lib/gcc/x86_64-suse-linux/4.9.1] ==> [/opt/gcc/4.9.1/snos/lib/gcc/x86_64-suse-linux/4.9.1]
  collapse library dir [/opt/gcc/4.9.1/snos/lib/gcc/x86_64-suse-linux/4.9.1/../../../../lib64] ==> [/opt/gcc/4.9.1/snos/lib64]
  collapse library dir [/lib/../lib64] ==> [/lib64]
  collapse library dir [/usr/lib/../lib64] ==> [/usr/lib64]
  collapse library dir [/opt/gcc/4.9.1/snos/lib/gcc/x86_64-suse-linux/4.9.1/../../..] ==> [/opt/gcc/4.9.1/snos/lib]
  implicit libs: [AtpSigHandler;AtpSigHCommData;pthread;sci_gnu_49_mpi;m;sci_gnu_49;m;mpich_gnu_49;rt;ugni;pthread;pmi;m;xpmem;udreg;mpl;pmi;pthread;alpslli;pthread;wlm_detect;ugni;pthread;alpsutil;pthread;rca;gfortran;quadmath;m;pthread;c]
  implicit dirs: [/opt/cray/libsci/13.0.1/GNU/49/haswell/lib;/opt/cray/dmapp/default/lib64;/opt/cray/mpt/7.0.4/gni/mpich2-gnu/49/lib;/opt/cray/rca/1.0.0-2.0502.57212.2.56.ari/lib64;/opt/cray/pmi/5.0.5-1.0000.10300.134.8.ari/lib64;/opt/cray/xpmem/0.1-2.0502.57015.1.15.ari/lib64;/opt/cray/ugni/6.0-1.0502.10245.9.9.ari/lib64;/opt/cray/udreg/2.3.2-1.0502.9889.2.20.ari/lib64;/opt/cray/alps/5.2.3-2.0502.9295.14.14.ari/lib64;/opt/cray/atp/1.7.5/lib;/opt/cray/wlm_detect/1.0-1.0502.57063.1.1.ari/lib64;/opt/gcc/4.9.1/snos/lib/gcc/x86_64-suse-linux/4.9.1;/opt/gcc/4.9.1/snos/lib64;/lib64;/usr/lib64;/opt/gcc/4.9.1/snos/lib]
  implicit fwks: []




Detecting C [-std=c11] compiler features compiled with the following output:
Change Dir: /cfs/klemming/nobackup/s/sarapal/project/BIE_Laplace_PDC/BIE_laplace_Beskow_mpi/build/CMakeFiles/CMakeTmp

Run Build Command:"/usr/bin/gmake" "cmTC_138c9/fast"
/usr/bin/gmake -f CMakeFiles/cmTC_138c9.dir/build.make CMakeFiles/cmTC_138c9.dir/build
gmake[1]: Entering directory `/cfs/klemming/nobackup/s/sarapal/project/BIE_Laplace_PDC/BIE_laplace_Beskow_mpi/build/CMakeFiles/CMakeTmp'
Building C object CMakeFiles/cmTC_138c9.dir/feature_tests.c.o
/opt/cray/craype/2.2.1/bin/cc    -std=c11 -o CMakeFiles/cmTC_138c9.dir/feature_tests.c.o   -c /cfs/klemming/nobackup/s/sarapal/project/BIE_Laplace_PDC/BIE_laplace_Beskow_mpi/build/CMakeFiles/feature_tests.c
Linking C executable cmTC_138c9
/cfs/klemming/pdc.vol.beskow/cmake/3.7.1/bin/cmake -E cmake_link_script CMakeFiles/cmTC_138c9.dir/link.txt --verbose=1
/opt/cray/craype/2.2.1/bin/cc       CMakeFiles/cmTC_138c9.dir/feature_tests.c.o  -o cmTC_138c9 
gmake[1]: Leaving directory `/cfs/klemming/nobackup/s/sarapal/project/BIE_Laplace_PDC/BIE_laplace_Beskow_mpi/build/CMakeFiles/CMakeTmp'


    Feature record: C_FEATURE:1c_function_prototypes
    Feature record: C_FEATURE:1c_restrict
    Feature record: C_FEATURE:1c_static_assert
    Feature record: C_FEATURE:1c_variadic_macros


Detecting C [-std=c99] compiler features compiled with the following output:
Change Dir: /cfs/klemming/nobackup/s/sarapal/project/BIE_Laplace_PDC/BIE_laplace_Beskow_mpi/build/CMakeFiles/CMakeTmp

Run Build Command:"/usr/bin/gmake" "cmTC_b1d0f/fast"
/usr/bin/gmake -f CMakeFiles/cmTC_b1d0f.dir/build.make CMakeFiles/cmTC_b1d0f.dir/build
gmake[1]: Entering directory `/cfs/klemming/nobackup/s/sarapal/project/BIE_Laplace_PDC/BIE_laplace_Beskow_mpi/build/CMakeFiles/CMakeTmp'
Building C object CMakeFiles/cmTC_b1d0f.dir/feature_tests.c.o
/opt/cray/craype/2.2.1/bin/cc    -std=c99 -o CMakeFiles/cmTC_b1d0f.dir/feature_tests.c.o   -c /cfs/klemming/nobackup/s/sarapal/project/BIE_Laplace_PDC/BIE_laplace_Beskow_mpi/build/CMakeFiles/feature_tests.c
Linking C executable cmTC_b1d0f
/cfs/klemming/pdc.vol.beskow/cmake/3.7.1/bin/cmake -E cmake_link_script CMakeFiles/cmTC_b1d0f.dir/link.txt --verbose=1
/opt/cray/craype/2.2.1/bin/cc       CMakeFiles/cmTC_b1d0f.dir/feature_tests.c.o  -o cmTC_b1d0f 
gmake[1]: Leaving directory `/cfs/klemming/nobackup/s/sarapal/project/BIE_Laplace_PDC/BIE_laplace_Beskow_mpi/build/CMakeFiles/CMakeTmp'


    Feature record: C_FEATURE:1c_function_prototypes
    Feature record: C_FEATURE:1c_restrict
    Feature record: C_FEATURE:0c_static_assert
    Feature record: C_FEATURE:1c_variadic_macros


Detecting C [-std=c90] compiler features compiled with the following output:
Change Dir: /cfs/klemming/nobackup/s/sarapal/project/BIE_Laplace_PDC/BIE_laplace_Beskow_mpi/build/CMakeFiles/CMakeTmp

Run Build Command:"/usr/bin/gmake" "cmTC_c0d99/fast"
/usr/bin/gmake -f CMakeFiles/cmTC_c0d99.dir/build.make CMakeFiles/cmTC_c0d99.dir/build
gmake[1]: Entering directory `/cfs/klemming/nobackup/s/sarapal/project/BIE_Laplace_PDC/BIE_laplace_Beskow_mpi/build/CMakeFiles/CMakeTmp'
Building C object CMakeFiles/cmTC_c0d99.dir/feature_tests.c.o
/opt/cray/craype/2.2.1/bin/cc    -std=c90 -o CMakeFiles/cmTC_c0d99.dir/feature_tests.c.o   -c /cfs/klemming/nobackup/s/sarapal/project/BIE_Laplace_PDC/BIE_laplace_Beskow_mpi/build/CMakeFiles/feature_tests.c
Linking C executable cmTC_c0d99
/cfs/klemming/pdc.vol.beskow/cmake/3.7.1/bin/cmake -E cmake_link_script CMakeFiles/cmTC_c0d99.dir/link.txt --verbose=1
/opt/cray/craype/2.2.1/bin/cc       CMakeFiles/cmTC_c0d99.dir/feature_tests.c.o  -o cmTC_c0d99 
gmake[1]: Leaving directory `/cfs/klemming/nobackup/s/sarapal/project/BIE_Laplace_PDC/BIE_laplace_Beskow_mpi/build/CMakeFiles/CMakeTmp'


    Feature record: C_FEATURE:1c_function_prototypes
    Feature record: C_FEATURE:0c_restrict
    Feature record: C_FEATURE:0c_static_assert
    Feature record: C_FEATURE:0c_variadic_macros
Compiling the Fortran compiler identification source file "CMakeFortranCompilerId.F" succeeded.
Compiler: /opt/cray/craype/2.2.1/bin/ftn 
Build flags: 
Id flags: -v

The output was:
0
Driving: /opt/gcc/4.9.1/bin/../snos/bin/gfortran -march=core-avx2 -static -D__CRAYXC -D__CRAY_HASWELL -D__CRAYXT_COMPUTE_LINUX_TARGET -upthread_mutex_trylock -upthread_mutex_destroy -upthread_create -D__TARGET_LINUX__ -v CMakeFortranCompilerId.F -I/opt/cray/libsci/13.0.1/GNU/49/haswell/include -I/opt/cray/mpt/7.0.4/gni/mpich2-gnu/49/include -I/opt/cray/rca/1.0.0-2.0502.57212.2.56.ari/include -I/opt/cray/pmi/5.0.5-1.0000.10300.134.8.ari/include -I/opt/cray/xpmem/0.1-2.0502.57015.1.15.ari/include -I/opt/cray/gni-headers/4.0-1.0502.10317.9.2.ari/include -I/opt/cray/ugni/6.0-1.0502.10245.9.9.ari/include -I/opt/cray/udreg/2.3.2-1.0502.9889.2.20.ari/include -I/opt/cray/alps/5.2.3-2.0502.9295.14.14.ari/include -I/opt/cray/wlm_detect/1.0-1.0502.57063.1.1.ari/include -I/opt/cray/krca/1.0.0-2.0502.62017.3.1.ari/include -I/opt/cray-hss-devel/7.2.0/include -L/opt/cray/libsci/13.0.1/GNU/49/haswell/lib -L/opt/cray/dmapp/default/lib64 -L/opt/cray/mpt/7.0.4/gni/mpich2-gnu/49/lib -L/opt/cray/dmapp/default/lib64 -L/opt/cray/mpt/7.0.4/gni/mpich2-gnu/49/lib -L/opt/cray/dmapp/default/lib64 -L/opt/cray/mpt/7.0.4/gni/mpich2-gnu/49/lib -L/opt/cray/rca/1.0.0-2.0502.57212.2.56.ari/lib64 -L/opt/cray/pmi/5.0.5-1.0000.10300.134.8.ari/lib64 -L/opt/cray/xpmem/0.1-2.0502.57015.1.15.ari/lib64 -L/opt/cray/ugni/6.0-1.0502.10245.9.9.ari/lib64 -L/opt/cray/udreg/2.3.2-1.0502.9889.2.20.ari/lib64 -L/opt/cray/alps/5.2.3-2.0502.9295.14.14.ari/lib64 -L/opt/cray/atp/1.7.5/lib -L/opt/cray/wlm_detect/1.0-1.0502.57063.1.1.ari/lib64 -lAtpSigHandler -lAtpSigHCommData -Wl,--undefined=_ATP_Data_Globals -Wl,--undefined=__atpHandlerInstall -lpthread -lsci_gnu_49_mpi -l gfortran -lm -lsci_gnu_49 -l gfortran -lm -lmpichf90_gnu_49 -lrt -lugni -lpthread -lpmi -l gfortran -lm -lmpich_gnu_49 -lrt -lugni -lpthread -lpmi -l gfortran -lm -lmpl -lpmi -lpthread -lalpslli -lpthread -lwlm_detect -lugni -lpthread -lalpsutil -lpthread -lrca -lxpmem -ludreg -Wl,--as-needed,-lgfortran,-lquadmath,--no-as-needed -Wl,--as-needed,-lpthread,--no-as-needed -l gfortran -l m
Using built-in specs.
COLLECT_GCC=/opt/gcc/4.9.1/bin/../snos/bin/gfortran
COLLECT_LTO_WRAPPER=/opt/gcc/4.9.1/snos/libexec/gcc/x86_64-suse-linux/4.9.1/lto-wrapper
Target: x86_64-suse-linux
Configured with: ../cray-gcc-4.9.1/configure --prefix=/opt/gcc/4.9.1/snos --disable-nls --libdir=/opt/gcc/4.9.1/snos/lib --enable-languages=c,c++,fortran --with-gxx-include-dir=/opt/gcc/4.9.1/snos/include/g++ --with-slibdir=/opt/gcc/4.9.1/snos/lib --with-system-zlib --enable-shared --enable-__cxa_atexit --build=x86_64-suse-linux --with-ppl --with-cloog
Thread model: posix
gcc version 4.9.1 20140716 (Cray Inc.) (GCC) 
COLLECT_GCC_OPTIONS='-march=core-avx2' '-static' '-D' '__CRAYXC' '-D' '__CRAY_HASWELL' '-D' '__CRAYXT_COMPUTE_LINUX_TARGET' '-u' 'pthread_mutex_trylock' '-u' 'pthread_mutex_destroy' '-u' 'pthread_create' '-D' '__TARGET_LINUX__' '-v' '-I' '/opt/cray/libsci/13.0.1/GNU/49/haswell/include' '-I' '/opt/cray/mpt/7.0.4/gni/mpich2-gnu/49/include' '-I' '/opt/cray/rca/1.0.0-2.0502.57212.2.56.ari/include' '-I' '/opt/cray/pmi/5.0.5-1.0000.10300.134.8.ari/include' '-I' '/opt/cray/xpmem/0.1-2.0502.57015.1.15.ari/include' '-I' '/opt/cray/gni-headers/4.0-1.0502.10317.9.2.ari/include' '-I' '/opt/cray/ugni/6.0-1.0502.10245.9.9.ari/include' '-I' '/opt/cray/udreg/2.3.2-1.0502.9889.2.20.ari/include' '-I' '/opt/cray/alps/5.2.3-2.0502.9295.14.14.ari/include' '-I' '/opt/cray/wlm_detect/1.0-1.0502.57063.1.1.ari/include' '-I' '/opt/cray/krca/1.0.0-2.0502.62017.3.1.ari/include' '-I' '/opt/cray-hss-devel/7.2.0/include' '-L/opt/cray/libsci/13.0.1/GNU/49/haswell/lib' '-L/opt/cray/dmapp/default/lib64' '-L/opt/cray/mpt/7.0.4/gni/mpich2-gnu/49/lib' '-L/opt/cray/dmapp/default/lib64' '-L/opt/cray/mpt/7.0.4/gni/mpich2-gnu/49/lib' '-L/opt/cray/dmapp/default/lib64' '-L/opt/cray/mpt/7.0.4/gni/mpich2-gnu/49/lib' '-L/opt/cray/rca/1.0.0-2.0502.57212.2.56.ari/lib64' '-L/opt/cray/pmi/5.0.5-1.0000.10300.134.8.ari/lib64' '-L/opt/cray/xpmem/0.1-2.0502.57015.1.15.ari/lib64' '-L/opt/cray/ugni/6.0-1.0502.10245.9.9.ari/lib64' '-L/opt/cray/udreg/2.3.2-1.0502.9889.2.20.ari/lib64' '-L/opt/cray/alps/5.2.3-2.0502.9295.14.14.ari/lib64' '-L/opt/cray/atp/1.7.5/lib' '-L/opt/cray/wlm_detect/1.0-1.0502.57063.1.1.ari/lib64'
 /opt/gcc/4.9.1/snos/libexec/gcc/x86_64-suse-linux/4.9.1/f951 CMakeFortranCompilerId.F -ffixed-form -cpp=/tmp/cc0iEVbU.f90 -quiet -v -I /opt/cray/libsci/13.0.1/GNU/49/haswell/include -I /opt/cray/mpt/7.0.4/gni/mpich2-gnu/49/include -I /opt/cray/rca/1.0.0-2.0502.57212.2.56.ari/include -I /opt/cray/pmi/5.0.5-1.0000.10300.134.8.ari/include -I /opt/cray/xpmem/0.1-2.0502.57015.1.15.ari/include -I /opt/cray/gni-headers/4.0-1.0502.10317.9.2.ari/include -I /opt/cray/ugni/6.0-1.0502.10245.9.9.ari/include -I /opt/cray/udreg/2.3.2-1.0502.9889.2.20.ari/include -I /opt/cray/alps/5.2.3-2.0502.9295.14.14.ari/include -I /opt/cray/wlm_detect/1.0-1.0502.57063.1.1.ari/include -I /opt/cray/krca/1.0.0-2.0502.62017.3.1.ari/include -I /opt/cray-hss-devel/7.2.0/include -D __CRAYXC -D __CRAY_HASWELL -D __CRAYXT_COMPUTE_LINUX_TARGET -D __TARGET_LINUX__ CMakeFortranCompilerId.F -quiet -dumpbase CMakeFortranCompilerId.F -march=core-avx2 -auxbase CMakeFortranCompilerId -version -fintrinsic-modules-path /opt/gcc/4.9.1/snos/lib/gcc/x86_64-suse-linux/4.9.1/finclude -o /tmp/ccjxP0Fz.s
GNU Fortran (GCC) version 4.9.1 20140716 (Cray Inc.) (x86_64-suse-linux)
	compiled by GNU C version 4.9.1 20140716 (Cray Inc.), GMP version 4.3.2, MPFR version 2.4.2, MPC version 0.8.1
GGC heuristics: --param ggc-min-expand=100 --param ggc-min-heapsize=131072
ignoring nonexistent directory "/opt/gcc/4.9.1/snos/lib/gcc/x86_64-suse-linux/4.9.1/../../../../x86_64-suse-linux/include"
#include "..." search starts here:
#include <...> search starts here:
 /opt/cray/libsci/13.0.1/GNU/49/haswell/include
 /opt/cray/mpt/7.0.4/gni/mpich2-gnu/49/include
 /opt/cray/rca/1.0.0-2.0502.57212.2.56.ari/include
 /opt/cray/pmi/5.0.5-1.0000.10300.134.8.ari/include
 /opt/cray/xpmem/0.1-2.0502.57015.1.15.ari/include
 /opt/cray/gni-headers/4.0-1.0502.10317.9.2.ari/include
 /opt/cray/ugni/6.0-1.0502.10245.9.9.ari/include
 /opt/cray/udreg/2.3.2-1.0502.9889.2.20.ari/include
 /opt/cray/alps/5.2.3-2.0502.9295.14.14.ari/include
 /opt/cray/wlm_detect/1.0-1.0502.57063.1.1.ari/include
 /opt/cray/krca/1.0.0-2.0502.62017.3.1.ari/include
 /opt/cray-hss-devel/7.2.0/include
 /opt/gcc/4.9.1/snos/lib/gcc/x86_64-suse-linux/4.9.1/finclude
 /opt/gcc/4.9.1/snos/lib/gcc/x86_64-suse-linux/4.9.1/include
 /usr/local/include
 /opt/gcc/4.9.1/snos/include
 /opt/gcc/4.9.1/snos/lib/gcc/x86_64-suse-linux/4.9.1/include-fixed
 /usr/include
End of search list.
GNU Fortran (GCC) version 4.9.1 20140716 (Cray Inc.) (x86_64-suse-linux)
	compiled by GNU C version 4.9.1 20140716 (Cray Inc.), GMP version 4.3.2, MPFR version 2.4.2, MPC version 0.8.1
GGC heuristics: --param ggc-min-expand=100 --param ggc-min-heapsize=131072
COLLECT_GCC_OPTIONS='-march=core-avx2' '-static' '-D' '__CRAYXC' '-D' '__CRAY_HASWELL' '-D' '__CRAYXT_COMPUTE_LINUX_TARGET' '-u' 'pthread_mutex_trylock' '-u' 'pthread_mutex_destroy' '-u' 'pthread_create' '-D' '__TARGET_LINUX__' '-v' '-I' '/opt/cray/libsci/13.0.1/GNU/49/haswell/include' '-I' '/opt/cray/mpt/7.0.4/gni/mpich2-gnu/49/include' '-I' '/opt/cray/rca/1.0.0-2.0502.57212.2.56.ari/include' '-I' '/opt/cray/pmi/5.0.5-1.0000.10300.134.8.ari/include' '-I' '/opt/cray/xpmem/0.1-2.0502.57015.1.15.ari/include' '-I' '/opt/cray/gni-headers/4.0-1.0502.10317.9.2.ari/include' '-I' '/opt/cray/ugni/6.0-1.0502.10245.9.9.ari/include' '-I' '/opt/cray/udreg/2.3.2-1.0502.9889.2.20.ari/include' '-I' '/opt/cray/alps/5.2.3-2.0502.9295.14.14.ari/include' '-I' '/opt/cray/wlm_detect/1.0-1.0502.57063.1.1.ari/include' '-I' '/opt/cray/krca/1.0.0-2.0502.62017.3.1.ari/include' '-I' '/opt/cray-hss-devel/7.2.0/include' '-L/opt/cray/libsci/13.0.1/GNU/49/haswell/lib' '-L/opt/cray/dmapp/default/lib64' '-L/opt/cray/mpt/7.0.4/gni/mpich2-gnu/49/lib' '-L/opt/cray/dmapp/default/lib64' '-L/opt/cray/mpt/7.0.4/gni/mpich2-gnu/49/lib' '-L/opt/cray/dmapp/default/lib64' '-L/opt/cray/mpt/7.0.4/gni/mpich2-gnu/49/lib' '-L/opt/cray/rca/1.0.0-2.0502.57212.2.56.ari/lib64' '-L/opt/cray/pmi/5.0.5-1.0000.10300.134.8.ari/lib64' '-L/opt/cray/xpmem/0.1-2.0502.57015.1.15.ari/lib64' '-L/opt/cray/ugni/6.0-1.0502.10245.9.9.ari/lib64' '-L/opt/cray/udreg/2.3.2-1.0502.9889.2.20.ari/lib64' '-L/opt/cray/alps/5.2.3-2.0502.9295.14.14.ari/lib64' '-L/opt/cray/atp/1.7.5/lib' '-L/opt/cray/wlm_detect/1.0-1.0502.57063.1.1.ari/lib64'
 as -v -I /opt/cray/libsci/13.0.1/GNU/49/haswell/include -I /opt/cray/mpt/7.0.4/gni/mpich2-gnu/49/include -I /opt/cray/rca/1.0.0-2.0502.57212.2.56.ari/include -I /opt/cray/pmi/5.0.5-1.0000.10300.134.8.ari/include -I /opt/cray/xpmem/0.1-2.0502.57015.1.15.ari/include -I /opt/cray/gni-headers/4.0-1.0502.10317.9.2.ari/include -I /opt/cray/ugni/6.0-1.0502.10245.9.9.ari/include -I /opt/cray/udreg/2.3.2-1.0502.9889.2.20.ari/include -I /opt/cray/alps/5.2.3-2.0502.9295.14.14.ari/include -I /opt/cray/wlm_detect/1.0-1.0502.57063.1.1.ari/include -I /opt/cray/krca/1.0.0-2.0502.62017.3.1.ari/include -I /opt/cray-hss-devel/7.2.0/include --64 -o /tmp/ccQvuKdf.o /tmp/ccjxP0Fz.s
GNU assembler version 2.23.1 (x86_64-suse-linux) using BFD version (GNU Binutils; SUSE Linux Enterprise 11) 2.23.1
Reading specs from /opt/gcc/4.9.1/snos/lib/gcc/x86_64-suse-linux/4.9.1/../../../../lib64/libgfortran.spec
rename spec lib to liborig
COLLECT_GCC_OPTIONS='-march=core-avx2' '-static' '-D' '__CRAYXC' '-D' '__CRAY_HASWELL' '-D' '__CRAYXT_COMPUTE_LINUX_TARGET' '-u' 'pthread_mutex_trylock' '-u' 'pthread_mutex_destroy' '-u' 'pthread_create' '-D' '__TARGET_LINUX__' '-v' '-I' '/opt/cray/libsci/13.0.1/GNU/49/haswell/include' '-I' '/opt/cray/mpt/7.0.4/gni/mpich2-gnu/49/include' '-I' '/opt/cray/rca/1.0.0-2.0502.57212.2.56.ari/include' '-I' '/opt/cray/pmi/5.0.5-1.0000.10300.134.8.ari/include' '-I' '/opt/cray/xpmem/0.1-2.0502.57015.1.15.ari/include' '-I' '/opt/cray/gni-headers/4.0-1.0502.10317.9.2.ari/include' '-I' '/opt/cray/ugni/6.0-1.0502.10245.9.9.ari/include' '-I' '/opt/cray/udreg/2.3.2-1.0502.9889.2.20.ari/include' '-I' '/opt/cray/alps/5.2.3-2.0502.9295.14.14.ari/include' '-I' '/opt/cray/wlm_detect/1.0-1.0502.57063.1.1.ari/include' '-I' '/opt/cray/krca/1.0.0-2.0502.62017.3.1.ari/include' '-I' '/opt/cray-hss-devel/7.2.0/include' '-L/opt/cray/libsci/13.0.1/GNU/49/haswell/lib' '-L/opt/cray/dmapp/default/lib64' '-L/opt/cray/mpt/7.0.4/gni/mpich2-gnu/49/lib' '-L/opt/cray/dmapp/default/lib64' '-L/opt/cray/mpt/7.0.4/gni/mpich2-gnu/49/lib' '-L/opt/cray/dmapp/default/lib64' '-L/opt/cray/mpt/7.0.4/gni/mpich2-gnu/49/lib' '-L/opt/cray/rca/1.0.0-2.0502.57212.2.56.ari/lib64' '-L/opt/cray/pmi/5.0.5-1.0000.10300.134.8.ari/lib64' '-L/opt/cray/xpmem/0.1-2.0502.57015.1.15.ari/lib64' '-L/opt/cray/ugni/6.0-1.0502.10245.9.9.ari/lib64' '-L/opt/cray/udreg/2.3.2-1.0502.9889.2.20.ari/lib64' '-L/opt/cray/alps/5.2.3-2.0502.9295.14.14.ari/lib64' '-L/opt/cray/atp/1.7.5/lib' '-L/opt/cray/wlm_detect/1.0-1.0502.57063.1.1.ari/lib64'
COMPILER_PATH=/opt/gcc/4.9.1/snos/libexec/gcc/x86_64-suse-linux/4.9.1/:/opt/gcc/4.9.1/snos/libexec/gcc/x86_64-suse-linux/4.9.1/:/opt/gcc/4.9.1/snos/libexec/gcc/x86_64-suse-linux/:/opt/gcc/4.9.1/snos/lib/gcc/x86_64-suse-linux/4.9.1/:/opt/gcc/4.9.1/snos/lib/gcc/x86_64-suse-linux/
LIBRARY_PATH=/opt/gcc/4.9.1/snos/lib/gcc/x86_64-suse-linux/4.9.1/:/opt/gcc/4.9.1/snos/lib/gcc/x86_64-suse-linux/4.9.1/../../../../lib64/:/lib/../lib64/:/usr/lib/../lib64/:/opt/gcc/4.9.1/snos/lib/gcc/x86_64-suse-linux/4.9.1/../../../:/lib/:/usr/lib/
COLLECT_GCC_OPTIONS='-march=core-avx2' '-static' '-D' '__CRAYXC' '-D' '__CRAY_HASWELL' '-D' '__CRAYXT_COMPUTE_LINUX_TARGET' '-u' 'pthread_mutex_trylock' '-u' 'pthread_mutex_destroy' '-u' 'pthread_create' '-D' '__TARGET_LINUX__' '-v' '-I' '/opt/cray/libsci/13.0.1/GNU/49/haswell/include' '-I' '/opt/cray/mpt/7.0.4/gni/mpich2-gnu/49/include' '-I' '/opt/cray/rca/1.0.0-2.0502.57212.2.56.ari/include' '-I' '/opt/cray/pmi/5.0.5-1.0000.10300.134.8.ari/include' '-I' '/opt/cray/xpmem/0.1-2.0502.57015.1.15.ari/include' '-I' '/opt/cray/gni-headers/4.0-1.0502.10317.9.2.ari/include' '-I' '/opt/cray/ugni/6.0-1.0502.10245.9.9.ari/include' '-I' '/opt/cray/udreg/2.3.2-1.0502.9889.2.20.ari/include' '-I' '/opt/cray/alps/5.2.3-2.0502.9295.14.14.ari/include' '-I' '/opt/cray/wlm_detect/1.0-1.0502.57063.1.1.ari/include' '-I' '/opt/cray/krca/1.0.0-2.0502.62017.3.1.ari/include' '-I' '/opt/cray-hss-devel/7.2.0/include' '-L/opt/cray/libsci/13.0.1/GNU/49/haswell/lib' '-L/opt/cray/dmapp/default/lib64' '-L/opt/cray/mpt/7.0.4/gni/mpich2-gnu/49/lib' '-L/opt/cray/dmapp/default/lib64' '-L/opt/cray/mpt/7.0.4/gni/mpich2-gnu/49/lib' '-L/opt/cray/dmapp/default/lib64' '-L/opt/cray/mpt/7.0.4/gni/mpich2-gnu/49/lib' '-L/opt/cray/rca/1.0.0-2.0502.57212.2.56.ari/lib64' '-L/opt/cray/pmi/5.0.5-1.0000.10300.134.8.ari/lib64' '-L/opt/cray/xpmem/0.1-2.0502.57015.1.15.ari/lib64' '-L/opt/cray/ugni/6.0-1.0502.10245.9.9.ari/lib64' '-L/opt/cray/udreg/2.3.2-1.0502.9889.2.20.ari/lib64' '-L/opt/cray/alps/5.2.3-2.0502.9295.14.14.ari/lib64' '-L/opt/cray/atp/1.7.5/lib' '-L/opt/cray/wlm_detect/1.0-1.0502.57063.1.1.ari/lib64'
 /opt/gcc/4.9.1/snos/libexec/gcc/x86_64-suse-linux/4.9.1/collect2 -m elf_x86_64 -static -u pthread_mutex_trylock -u pthread_mutex_destroy -u pthread_create /usr/lib/../lib64/crt1.o /usr/lib/../lib64/crti.o /opt/gcc/4.9.1/snos/lib/gcc/x86_64-suse-linux/4.9.1/crtbeginT.o -L/opt/cray/libsci/13.0.1/GNU/49/haswell/lib -L/opt/cray/dmapp/default/lib64 -L/opt/cray/mpt/7.0.4/gni/mpich2-gnu/49/lib -L/opt/cray/dmapp/default/lib64 -L/opt/cray/mpt/7.0.4/gni/mpich2-gnu/49/lib -L/opt/cray/dmapp/default/lib64 -L/opt/cray/mpt/7.0.4/gni/mpich2-gnu/49/lib -L/opt/cray/rca/1.0.0-2.0502.57212.2.56.ari/lib64 -L/opt/cray/pmi/5.0.5-1.0000.10300.134.8.ari/lib64 -L/opt/cray/xpmem/0.1-2.0502.57015.1.15.ari/lib64 -L/opt/cray/ugni/6.0-1.0502.10245.9.9.ari/lib64 -L/opt/cray/udreg/2.3.2-1.0502.9889.2.20.ari/lib64 -L/opt/cray/alps/5.2.3-2.0502.9295.14.14.ari/lib64 -L/opt/cray/atp/1.7.5/lib -L/opt/cray/wlm_detect/1.0-1.0502.57063.1.1.ari/lib64 -L/opt/gcc/4.9.1/snos/lib/gcc/x86_64-suse-linux/4.9.1 -L/opt/gcc/4.9.1/snos/lib/gcc/x86_64-suse-linux/4.9.1/../../../../lib64 -L/lib/../lib64 -L/usr/lib/../lib64 -L/opt/gcc/4.9.1/snos/lib/gcc/x86_64-suse-linux/4.9.1/../../.. /tmp/ccQvuKdf.o -lAtpSigHandler -lAtpSigHCommData --undefined=_ATP_Data_Globals --undefined=__atpHandlerInstall -lpthread -lsci_gnu_49_mpi -lgfortran -lm -lsci_gnu_49 -lgfortran -lm -lmpichf90_gnu_49 -lrt -lugni -lpthread -lpmi -lgfortran -lm -lmpich_gnu_49 -lrt -lugni -lpthread -lpmi -lgfortran -lm -lmpl -lpmi -lpthread -lalpslli -lpthread -lwlm_detect -lugni -lpthread -lalpsutil -lpthread -lrca -lxpmem -ludreg --as-needed -lgfortran -lquadmath --no-as-needed --as-needed -lpthread --no-as-needed -lgfortran -lm --start-group -lgcc -lgcc_eh -lquadmath -lm -lgcc -lgcc_eh -lc --end-group /opt/gcc/4.9.1/snos/lib/gcc/x86_64-suse-linux/4.9.1/crtend.o /usr/lib/../lib64/crtn.o


Compilation of the Fortran compiler identification source "CMakeFortranCompilerId.F" produced "a.out"

The Fortran compiler identification is GNU, found in "/cfs/klemming/nobackup/s/sarapal/project/BIE_Laplace_PDC/BIE_laplace_Beskow_mpi/build/CMakeFiles/3.7.1/CompilerIdFortran/a.out"

Determining if the Fortran compiler works passed with the following output:
Change Dir: /cfs/klemming/nobackup/s/sarapal/project/BIE_Laplace_PDC/BIE_laplace_Beskow_mpi/build/CMakeFiles/CMakeTmp

Run Build Command:"/usr/bin/gmake" "cmTC_62637/fast"
/usr/bin/gmake -f CMakeFiles/cmTC_62637.dir/build.make CMakeFiles/cmTC_62637.dir/build
gmake[1]: Entering directory `/cfs/klemming/nobackup/s/sarapal/project/BIE_Laplace_PDC/BIE_laplace_Beskow_mpi/build/CMakeFiles/CMakeTmp'
Building Fortran object CMakeFiles/cmTC_62637.dir/testFortranCompiler.f.o
/opt/cray/craype/2.2.1/bin/ftn     -c /cfs/klemming/nobackup/s/sarapal/project/BIE_Laplace_PDC/BIE_laplace_Beskow_mpi/build/CMakeFiles/CMakeTmp/testFortranCompiler.f -o CMakeFiles/cmTC_62637.dir/testFortranCompiler.f.o
Linking Fortran executable cmTC_62637
/cfs/klemming/pdc.vol.beskow/cmake/3.7.1/bin/cmake -E cmake_link_script CMakeFiles/cmTC_62637.dir/link.txt --verbose=1
/opt/cray/craype/2.2.1/bin/ftn       CMakeFiles/cmTC_62637.dir/testFortranCompiler.f.o  -o cmTC_62637 
gmake[1]: Leaving directory `/cfs/klemming/nobackup/s/sarapal/project/BIE_Laplace_PDC/BIE_laplace_Beskow_mpi/build/CMakeFiles/CMakeTmp'


Detecting Fortran compiler ABI info compiled with the following output:
Change Dir: /cfs/klemming/nobackup/s/sarapal/project/BIE_Laplace_PDC/BIE_laplace_Beskow_mpi/build/CMakeFiles/CMakeTmp

Run Build Command:"/usr/bin/gmake" "cmTC_a088a/fast"
/usr/bin/gmake -f CMakeFiles/cmTC_a088a.dir/build.make CMakeFiles/cmTC_a088a.dir/build
gmake[1]: Entering directory `/cfs/klemming/nobackup/s/sarapal/project/BIE_Laplace_PDC/BIE_laplace_Beskow_mpi/build/CMakeFiles/CMakeTmp'
Building Fortran object CMakeFiles/cmTC_a088a.dir/CMakeFortranCompilerABI.F.o
/opt/cray/craype/2.2.1/bin/ftn     -c /cfs/klemming/pdc.vol.beskow/cmake/3.7.1/share/cmake-3.7/Modules/CMakeFortranCompilerABI.F -o CMakeFiles/cmTC_a088a.dir/CMakeFortranCompilerABI.F.o
Linking Fortran executable cmTC_a088a
/cfs/klemming/pdc.vol.beskow/cmake/3.7.1/bin/cmake -E cmake_link_script CMakeFiles/cmTC_a088a.dir/link.txt --verbose=1
/opt/cray/craype/2.2.1/bin/ftn    -v   CMakeFiles/cmTC_a088a.dir/CMakeFortranCompilerABI.F.o  -o cmTC_a088a  
Driving: /opt/gcc/4.9.1/bin/../snos/bin/gfortran -march=core-avx2 -static -D__CRAYXC -D__CRAY_HASWELL -D__CRAYXT_COMPUTE_LINUX_TARGET -upthread_mutex_trylock -upthread_mutex_destroy -upthread_create -D__TARGET_LINUX__ -v CMakeFiles/cmTC_a088a.dir/CMakeFortranCompilerABI.F.o -o cmTC_a088a -I/opt/cray/libsci/13.0.1/GNU/49/haswell/include -I/opt/cray/mpt/7.0.4/gni/mpich2-gnu/49/include -I/opt/cray/rca/1.0.0-2.0502.57212.2.56.ari/include -I/opt/cray/pmi/5.0.5-1.0000.10300.134.8.ari/include -I/opt/cray/xpmem/0.1-2.0502.57015.1.15.ari/include -I/opt/cray/gni-headers/4.0-1.0502.10317.9.2.ari/include -I/opt/cray/ugni/6.0-1.0502.10245.9.9.ari/include -I/opt/cray/udreg/2.3.2-1.0502.9889.2.20.ari/include -I/opt/cray/alps/5.2.3-2.0502.9295.14.14.ari/include -I/opt/cray/wlm_detect/1.0-1.0502.57063.1.1.ari/include -I/opt/cray/krca/1.0.0-2.0502.62017.3.1.ari/include -I/opt/cray-hss-devel/7.2.0/include -L/opt/cray/libsci/13.0.1/GNU/49/haswell/lib -L/opt/cray/dmapp/default/lib64 -L/opt/cray/mpt/7.0.4/gni/mpich2-gnu/49/lib -L/opt/cray/dmapp/default/lib64 -L/opt/cray/mpt/7.0.4/gni/mpich2-gnu/49/lib -L/opt/cray/dmapp/default/lib64 -L/opt/cray/mpt/7.0.4/gni/mpich2-gnu/49/lib -L/opt/cray/rca/1.0.0-2.0502.57212.2.56.ari/lib64 -L/opt/cray/pmi/5.0.5-1.0000.10300.134.8.ari/lib64 -L/opt/cray/xpmem/0.1-2.0502.57015.1.15.ari/lib64 -L/opt/cray/ugni/6.0-1.0502.10245.9.9.ari/lib64 -L/opt/cray/udreg/2.3.2-1.0502.9889.2.20.ari/lib64 -L/opt/cray/alps/5.2.3-2.0502.9295.14.14.ari/lib64 -L/opt/cray/atp/1.7.5/lib -L/opt/cray/wlm_detect/1.0-1.0502.57063.1.1.ari/lib64 -lAtpSigHandler -lAtpSigHCommData -Wl,--undefined=_ATP_Data_Globals -Wl,--undefined=__atpHandlerInstall -lpthread -lsci_gnu_49_mpi -l gfortran -lm -lsci_gnu_49 -l gfortran -lm -lmpichf90_gnu_49 -lrt -lugni -lpthread -lpmi -l gfortran -lm -lmpich_gnu_49 -lrt -lugni -lpthread -lpmi -l gfortran -lm -lmpl -lpmi -lpthread -lalpslli -lpthread -lwlm_detect -lugni -lpthread -lalpsutil -lpthread -lrca -lxpmem -ludreg -Wl,--as-needed,-lgfortran,-lquadmath,--no-as-needed -Wl,--as-needed,-lpthread,--no-as-needed -l gfortran -l m
Using built-in specs.
COLLECT_GCC=/opt/gcc/4.9.1/bin/../snos/bin/gfortran
COLLECT_LTO_WRAPPER=/opt/gcc/4.9.1/snos/libexec/gcc/x86_64-suse-linux/4.9.1/lto-wrapper
Target: x86_64-suse-linux
Configured with: ../cray-gcc-4.9.1/configure --prefix=/opt/gcc/4.9.1/snos --disable-nls --libdir=/opt/gcc/4.9.1/snos/lib --enable-languages=c,c++,fortran --with-gxx-include-dir=/opt/gcc/4.9.1/snos/include/g++ --with-slibdir=/opt/gcc/4.9.1/snos/lib --with-system-zlib --enable-shared --enable-__cxa_atexit --build=x86_64-suse-linux --with-ppl --with-cloog
Thread model: posix
gcc version 4.9.1 20140716 (Cray Inc.) (GCC) 
Reading specs from /opt/gcc/4.9.1/snos/lib/gcc/x86_64-suse-linux/4.9.1/../../../../lib64/libgfortran.spec
rename spec lib to liborig
COLLECT_GCC_OPTIONS='-march=core-avx2' '-static' '-D' '__CRAYXC' '-D' '__CRAY_HASWELL' '-D' '__CRAYXT_COMPUTE_LINUX_TARGET' '-u' 'pthread_mutex_trylock' '-u' 'pthread_mutex_destroy' '-u' 'pthread_create' '-D' '__TARGET_LINUX__' '-v' '-o' 'cmTC_a088a' '-I' '/opt/cray/libsci/13.0.1/GNU/49/haswell/include' '-I' '/opt/cray/mpt/7.0.4/gni/mpich2-gnu/49/include' '-I' '/opt/cray/rca/1.0.0-2.0502.57212.2.56.ari/include' '-I' '/opt/cray/pmi/5.0.5-1.0000.10300.134.8.ari/include' '-I' '/opt/cray/xpmem/0.1-2.0502.57015.1.15.ari/include' '-I' '/opt/cray/gni-headers/4.0-1.0502.10317.9.2.ari/include' '-I' '/opt/cray/ugni/6.0-1.0502.10245.9.9.ari/include' '-I' '/opt/cray/udreg/2.3.2-1.0502.9889.2.20.ari/include' '-I' '/opt/cray/alps/5.2.3-2.0502.9295.14.14.ari/include' '-I' '/opt/cray/wlm_detect/1.0-1.0502.57063.1.1.ari/include' '-I' '/opt/cray/krca/1.0.0-2.0502.62017.3.1.ari/include' '-I' '/opt/cray-hss-devel/7.2.0/include' '-L/opt/cray/libsci/13.0.1/GNU/49/haswell/lib' '-L/opt/cray/dmapp/default/lib64' '-L/opt/cray/mpt/7.0.4/gni/mpich2-gnu/49/lib' '-L/opt/cray/dmapp/default/lib64' '-L/opt/cray/mpt/7.0.4/gni/mpich2-gnu/49/lib' '-L/opt/cray/dmapp/default/lib64' '-L/opt/cray/mpt/7.0.4/gni/mpich2-gnu/49/lib' '-L/opt/cray/rca/1.0.0-2.0502.57212.2.56.ari/lib64' '-L/opt/cray/pmi/5.0.5-1.0000.10300.134.8.ari/lib64' '-L/opt/cray/xpmem/0.1-2.0502.57015.1.15.ari/lib64' '-L/opt/cray/ugni/6.0-1.0502.10245.9.9.ari/lib64' '-L/opt/cray/udreg/2.3.2-1.0502.9889.2.20.ari/lib64' '-L/opt/cray/alps/5.2.3-2.0502.9295.14.14.ari/lib64' '-L/opt/cray/atp/1.7.5/lib' '-L/opt/cray/wlm_detect/1.0-1.0502.57063.1.1.ari/lib64'
COMPILER_PATH=/opt/gcc/4.9.1/snos/libexec/gcc/x86_64-suse-linux/4.9.1/:/opt/gcc/4.9.1/snos/libexec/gcc/x86_64-suse-linux/4.9.1/:/opt/gcc/4.9.1/snos/libexec/gcc/x86_64-suse-linux/:/opt/gcc/4.9.1/snos/lib/gcc/x86_64-suse-linux/4.9.1/:/opt/gcc/4.9.1/snos/lib/gcc/x86_64-suse-linux/
LIBRARY_PATH=/opt/gcc/4.9.1/snos/lib/gcc/x86_64-suse-linux/4.9.1/:/opt/gcc/4.9.1/snos/lib/gcc/x86_64-suse-linux/4.9.1/../../../../lib64/:/lib/../lib64/:/usr/lib/../lib64/:/opt/gcc/4.9.1/snos/lib/gcc/x86_64-suse-linux/4.9.1/../../../:/lib/:/usr/lib/
COLLECT_GCC_OPTIONS='-march=core-avx2' '-static' '-D' '__CRAYXC' '-D' '__CRAY_HASWELL' '-D' '__CRAYXT_COMPUTE_LINUX_TARGET' '-u' 'pthread_mutex_trylock' '-u' 'pthread_mutex_destroy' '-u' 'pthread_create' '-D' '__TARGET_LINUX__' '-v' '-o' 'cmTC_a088a' '-I' '/opt/cray/libsci/13.0.1/GNU/49/haswell/include' '-I' '/opt/cray/mpt/7.0.4/gni/mpich2-gnu/49/include' '-I' '/opt/cray/rca/1.0.0-2.0502.57212.2.56.ari/include' '-I' '/opt/cray/pmi/5.0.5-1.0000.10300.134.8.ari/include' '-I' '/opt/cray/xpmem/0.1-2.0502.57015.1.15.ari/include' '-I' '/opt/cray/gni-headers/4.0-1.0502.10317.9.2.ari/include' '-I' '/opt/cray/ugni/6.0-1.0502.10245.9.9.ari/include' '-I' '/opt/cray/udreg/2.3.2-1.0502.9889.2.20.ari/include' '-I' '/opt/cray/alps/5.2.3-2.0502.9295.14.14.ari/include' '-I' '/opt/cray/wlm_detect/1.0-1.0502.57063.1.1.ari/include' '-I' '/opt/cray/krca/1.0.0-2.0502.62017.3.1.ari/include' '-I' '/opt/cray-hss-devel/7.2.0/include' '-L/opt/cray/libsci/13.0.1/GNU/49/haswell/lib' '-L/opt/cray/dmapp/default/lib64' '-L/opt/cray/mpt/7.0.4/gni/mpich2-gnu/49/lib' '-L/opt/cray/dmapp/default/lib64' '-L/opt/cray/mpt/7.0.4/gni/mpich2-gnu/49/lib' '-L/opt/cray/dmapp/default/lib64' '-L/opt/cray/mpt/7.0.4/gni/mpich2-gnu/49/lib' '-L/opt/cray/rca/1.0.0-2.0502.57212.2.56.ari/lib64' '-L/opt/cray/pmi/5.0.5-1.0000.10300.134.8.ari/lib64' '-L/opt/cray/xpmem/0.1-2.0502.57015.1.15.ari/lib64' '-L/opt/cray/ugni/6.0-1.0502.10245.9.9.ari/lib64' '-L/opt/cray/udreg/2.3.2-1.0502.9889.2.20.ari/lib64' '-L/opt/cray/alps/5.2.3-2.0502.9295.14.14.ari/lib64' '-L/opt/cray/atp/1.7.5/lib' '-L/opt/cray/wlm_detect/1.0-1.0502.57063.1.1.ari/lib64'
 /opt/gcc/4.9.1/snos/libexec/gcc/x86_64-suse-linux/4.9.1/collect2 -m elf_x86_64 -static -o cmTC_a088a -u pthread_mutex_trylock -u pthread_mutex_destroy -u pthread_create /usr/lib/../lib64/crt1.o /usr/lib/../lib64/crti.o /opt/gcc/4.9.1/snos/lib/gcc/x86_64-suse-linux/4.9.1/crtbeginT.o -L/opt/cray/libsci/13.0.1/GNU/49/haswell/lib -L/opt/cray/dmapp/default/lib64 -L/opt/cray/mpt/7.0.4/gni/mpich2-gnu/49/lib -L/opt/cray/dmapp/default/lib64 -L/opt/cray/mpt/7.0.4/gni/mpich2-gnu/49/lib -L/opt/cray/dmapp/default/lib64 -L/opt/cray/mpt/7.0.4/gni/mpich2-gnu/49/lib -L/opt/cray/rca/1.0.0-2.0502.57212.2.56.ari/lib64 -L/opt/cray/pmi/5.0.5-1.0000.10300.134.8.ari/lib64 -L/opt/cray/xpmem/0.1-2.0502.57015.1.15.ari/lib64 -L/opt/cray/ugni/6.0-1.0502.10245.9.9.ari/lib64 -L/opt/cray/udreg/2.3.2-1.0502.9889.2.20.ari/lib64 -L/opt/cray/alps/5.2.3-2.0502.9295.14.14.ari/lib64 -L/opt/cray/atp/1.7.5/lib -L/opt/cray/wlm_detect/1.0-1.0502.57063.1.1.ari/lib64 -L/opt/gcc/4.9.1/snos/lib/gcc/x86_64-suse-linux/4.9.1 -L/opt/gcc/4.9.1/snos/lib/gcc/x86_64-suse-linux/4.9.1/../../../../lib64 -L/lib/../lib64 -L/usr/lib/../lib64 -L/opt/gcc/4.9.1/snos/lib/gcc/x86_64-suse-linux/4.9.1/../../.. CMakeFiles/cmTC_a088a.dir/CMakeFortranCompilerABI.F.o -lAtpSigHandler -lAtpSigHCommData --undefined=_ATP_Data_Globals --undefined=__atpHandlerInstall -lpthread -lsci_gnu_49_mpi -lgfortran -lm -lsci_gnu_49 -lgfortran -lm -lmpichf90_gnu_49 -lrt -lugni -lpthread -lpmi -lgfortran -lm -lmpich_gnu_49 -lrt -lugni -lpthread -lpmi -lgfortran -lm -lmpl -lpmi -lpthread -lalpslli -lpthread -lwlm_detect -lugni -lpthread -lalpsutil -lpthread -lrca -lxpmem -ludreg --as-needed -lgfortran -lquadmath --no-as-needed --as-needed -lpthread --no-as-needed -lgfortran -lm --start-group -lgcc -lgcc_eh -lquadmath -lm -lgcc -lgcc_eh -lc --end-group /opt/gcc/4.9.1/snos/lib/gcc/x86_64-suse-linux/4.9.1/crtend.o /usr/lib/../lib64/crtn.o
gmake[1]: Leaving directory `/cfs/klemming/nobackup/s/sarapal/project/BIE_Laplace_PDC/BIE_laplace_Beskow_mpi/build/CMakeFiles/CMakeTmp'


Parsed Fortran implicit link information from above output:
  link line regex: [^( *|.*[/\])(ld|([^/\]+-)?ld|collect2)[^/\]*( |$)]
  ignore line: [Change Dir: /cfs/klemming/nobackup/s/sarapal/project/BIE_Laplace_PDC/BIE_laplace_Beskow_mpi/build/CMakeFiles/CMakeTmp]
  ignore line: []
  ignore line: [Run Build Command:"/usr/bin/gmake" "cmTC_a088a/fast"]
  ignore line: [/usr/bin/gmake -f CMakeFiles/cmTC_a088a.dir/build.make CMakeFiles/cmTC_a088a.dir/build]
  ignore line: [gmake[1]: Entering directory `/cfs/klemming/nobackup/s/sarapal/project/BIE_Laplace_PDC/BIE_laplace_Beskow_mpi/build/CMakeFiles/CMakeTmp']
  ignore line: [Building Fortran object CMakeFiles/cmTC_a088a.dir/CMakeFortranCompilerABI.F.o]
  ignore line: [/opt/cray/craype/2.2.1/bin/ftn     -c /cfs/klemming/pdc.vol.beskow/cmake/3.7.1/share/cmake-3.7/Modules/CMakeFortranCompilerABI.F -o CMakeFiles/cmTC_a088a.dir/CMakeFortranCompilerABI.F.o]
  ignore line: [Linking Fortran executable cmTC_a088a]
  ignore line: [/cfs/klemming/pdc.vol.beskow/cmake/3.7.1/bin/cmake -E cmake_link_script CMakeFiles/cmTC_a088a.dir/link.txt --verbose=1]
  ignore line: [/opt/cray/craype/2.2.1/bin/ftn    -v   CMakeFiles/cmTC_a088a.dir/CMakeFortranCompilerABI.F.o  -o cmTC_a088a  ]
  ignore line: [Driving: /opt/gcc/4.9.1/bin/../snos/bin/gfortran -march=core-avx2 -static -D__CRAYXC -D__CRAY_HASWELL -D__CRAYXT_COMPUTE_LINUX_TARGET -upthread_mutex_trylock -upthread_mutex_destroy -upthread_create -D__TARGET_LINUX__ -v CMakeFiles/cmTC_a088a.dir/CMakeFortranCompilerABI.F.o -o cmTC_a088a -I/opt/cray/libsci/13.0.1/GNU/49/haswell/include -I/opt/cray/mpt/7.0.4/gni/mpich2-gnu/49/include -I/opt/cray/rca/1.0.0-2.0502.57212.2.56.ari/include -I/opt/cray/pmi/5.0.5-1.0000.10300.134.8.ari/include -I/opt/cray/xpmem/0.1-2.0502.57015.1.15.ari/include -I/opt/cray/gni-headers/4.0-1.0502.10317.9.2.ari/include -I/opt/cray/ugni/6.0-1.0502.10245.9.9.ari/include -I/opt/cray/udreg/2.3.2-1.0502.9889.2.20.ari/include -I/opt/cray/alps/5.2.3-2.0502.9295.14.14.ari/include -I/opt/cray/wlm_detect/1.0-1.0502.57063.1.1.ari/include -I/opt/cray/krca/1.0.0-2.0502.62017.3.1.ari/include -I/opt/cray-hss-devel/7.2.0/include -L/opt/cray/libsci/13.0.1/GNU/49/haswell/lib -L/opt/cray/dmapp/default/lib64 -L/opt/cray/mpt/7.0.4/gni/mpich2-gnu/49/lib -L/opt/cray/dmapp/default/lib64 -L/opt/cray/mpt/7.0.4/gni/mpich2-gnu/49/lib -L/opt/cray/dmapp/default/lib64 -L/opt/cray/mpt/7.0.4/gni/mpich2-gnu/49/lib -L/opt/cray/rca/1.0.0-2.0502.57212.2.56.ari/lib64 -L/opt/cray/pmi/5.0.5-1.0000.10300.134.8.ari/lib64 -L/opt/cray/xpmem/0.1-2.0502.57015.1.15.ari/lib64 -L/opt/cray/ugni/6.0-1.0502.10245.9.9.ari/lib64 -L/opt/cray/udreg/2.3.2-1.0502.9889.2.20.ari/lib64 -L/opt/cray/alps/5.2.3-2.0502.9295.14.14.ari/lib64 -L/opt/cray/atp/1.7.5/lib -L/opt/cray/wlm_detect/1.0-1.0502.57063.1.1.ari/lib64 -lAtpSigHandler -lAtpSigHCommData -Wl,--undefined=_ATP_Data_Globals -Wl,--undefined=__atpHandlerInstall -lpthread -lsci_gnu_49_mpi -l gfortran -lm -lsci_gnu_49 -l gfortran -lm -lmpichf90_gnu_49 -lrt -lugni -lpthread -lpmi -l gfortran -lm -lmpich_gnu_49 -lrt -lugni -lpthread -lpmi -l gfortran -lm -lmpl -lpmi -lpthread -lalpslli -lpthread -lwlm_detect -lugni -lpthread -lalpsutil -lpthread -lrca -lxpmem -ludreg -Wl,--as-needed,-lgfortran,-lquadmath,--no-as-needed -Wl,--as-needed,-lpthread,--no-as-needed -l gfortran -l m]
  ignore line: [Using built-in specs.]
  ignore line: [COLLECT_GCC=/opt/gcc/4.9.1/bin/../snos/bin/gfortran]
  ignore line: [COLLECT_LTO_WRAPPER=/opt/gcc/4.9.1/snos/libexec/gcc/x86_64-suse-linux/4.9.1/lto-wrapper]
  ignore line: [Target: x86_64-suse-linux]
  ignore line: [Configured with: ../cray-gcc-4.9.1/configure --prefix=/opt/gcc/4.9.1/snos --disable-nls --libdir=/opt/gcc/4.9.1/snos/lib --enable-languages=c,c++,fortran --with-gxx-include-dir=/opt/gcc/4.9.1/snos/include/g++ --with-slibdir=/opt/gcc/4.9.1/snos/lib --with-system-zlib --enable-shared --enable-__cxa_atexit --build=x86_64-suse-linux --with-ppl --with-cloog]
  ignore line: [Thread model: posix]
  ignore line: [gcc version 4.9.1 20140716 (Cray Inc.) (GCC) ]
  ignore line: [Reading specs from /opt/gcc/4.9.1/snos/lib/gcc/x86_64-suse-linux/4.9.1/../../../../lib64/libgfortran.spec]
  ignore line: [rename spec lib to liborig]
  ignore line: [COLLECT_GCC_OPTIONS='-march=core-avx2' '-static' '-D' '__CRAYXC' '-D' '__CRAY_HASWELL' '-D' '__CRAYXT_COMPUTE_LINUX_TARGET' '-u' 'pthread_mutex_trylock' '-u' 'pthread_mutex_destroy' '-u' 'pthread_create' '-D' '__TARGET_LINUX__' '-v' '-o' 'cmTC_a088a' '-I' '/opt/cray/libsci/13.0.1/GNU/49/haswell/include' '-I' '/opt/cray/mpt/7.0.4/gni/mpich2-gnu/49/include' '-I' '/opt/cray/rca/1.0.0-2.0502.57212.2.56.ari/include' '-I' '/opt/cray/pmi/5.0.5-1.0000.10300.134.8.ari/include' '-I' '/opt/cray/xpmem/0.1-2.0502.57015.1.15.ari/include' '-I' '/opt/cray/gni-headers/4.0-1.0502.10317.9.2.ari/include' '-I' '/opt/cray/ugni/6.0-1.0502.10245.9.9.ari/include' '-I' '/opt/cray/udreg/2.3.2-1.0502.9889.2.20.ari/include' '-I' '/opt/cray/alps/5.2.3-2.0502.9295.14.14.ari/include' '-I' '/opt/cray/wlm_detect/1.0-1.0502.57063.1.1.ari/include' '-I' '/opt/cray/krca/1.0.0-2.0502.62017.3.1.ari/include' '-I' '/opt/cray-hss-devel/7.2.0/include' '-L/opt/cray/libsci/13.0.1/GNU/49/haswell/lib' '-L/opt/cray/dmapp/default/lib64' '-L/opt/cray/mpt/7.0.4/gni/mpich2-gnu/49/lib' '-L/opt/cray/dmapp/default/lib64' '-L/opt/cray/mpt/7.0.4/gni/mpich2-gnu/49/lib' '-L/opt/cray/dmapp/default/lib64' '-L/opt/cray/mpt/7.0.4/gni/mpich2-gnu/49/lib' '-L/opt/cray/rca/1.0.0-2.0502.57212.2.56.ari/lib64' '-L/opt/cray/pmi/5.0.5-1.0000.10300.134.8.ari/lib64' '-L/opt/cray/xpmem/0.1-2.0502.57015.1.15.ari/lib64' '-L/opt/cray/ugni/6.0-1.0502.10245.9.9.ari/lib64' '-L/opt/cray/udreg/2.3.2-1.0502.9889.2.20.ari/lib64' '-L/opt/cray/alps/5.2.3-2.0502.9295.14.14.ari/lib64' '-L/opt/cray/atp/1.7.5/lib' '-L/opt/cray/wlm_detect/1.0-1.0502.57063.1.1.ari/lib64']
  ignore line: [COMPILER_PATH=/opt/gcc/4.9.1/snos/libexec/gcc/x86_64-suse-linux/4.9.1/:/opt/gcc/4.9.1/snos/libexec/gcc/x86_64-suse-linux/4.9.1/:/opt/gcc/4.9.1/snos/libexec/gcc/x86_64-suse-linux/:/opt/gcc/4.9.1/snos/lib/gcc/x86_64-suse-linux/4.9.1/:/opt/gcc/4.9.1/snos/lib/gcc/x86_64-suse-linux/]
  ignore line: [LIBRARY_PATH=/opt/gcc/4.9.1/snos/lib/gcc/x86_64-suse-linux/4.9.1/:/opt/gcc/4.9.1/snos/lib/gcc/x86_64-suse-linux/4.9.1/../../../../lib64/:/lib/../lib64/:/usr/lib/../lib64/:/opt/gcc/4.9.1/snos/lib/gcc/x86_64-suse-linux/4.9.1/../../../:/lib/:/usr/lib/]
  ignore line: [COLLECT_GCC_OPTIONS='-march=core-avx2' '-static' '-D' '__CRAYXC' '-D' '__CRAY_HASWELL' '-D' '__CRAYXT_COMPUTE_LINUX_TARGET' '-u' 'pthread_mutex_trylock' '-u' 'pthread_mutex_destroy' '-u' 'pthread_create' '-D' '__TARGET_LINUX__' '-v' '-o' 'cmTC_a088a' '-I' '/opt/cray/libsci/13.0.1/GNU/49/haswell/include' '-I' '/opt/cray/mpt/7.0.4/gni/mpich2-gnu/49/include' '-I' '/opt/cray/rca/1.0.0-2.0502.57212.2.56.ari/include' '-I' '/opt/cray/pmi/5.0.5-1.0000.10300.134.8.ari/include' '-I' '/opt/cray/xpmem/0.1-2.0502.57015.1.15.ari/include' '-I' '/opt/cray/gni-headers/4.0-1.0502.10317.9.2.ari/include' '-I' '/opt/cray/ugni/6.0-1.0502.10245.9.9.ari/include' '-I' '/opt/cray/udreg/2.3.2-1.0502.9889.2.20.ari/include' '-I' '/opt/cray/alps/5.2.3-2.0502.9295.14.14.ari/include' '-I' '/opt/cray/wlm_detect/1.0-1.0502.57063.1.1.ari/include' '-I' '/opt/cray/krca/1.0.0-2.0502.62017.3.1.ari/include' '-I' '/opt/cray-hss-devel/7.2.0/include' '-L/opt/cray/libsci/13.0.1/GNU/49/haswell/lib' '-L/opt/cray/dmapp/default/lib64' '-L/opt/cray/mpt/7.0.4/gni/mpich2-gnu/49/lib' '-L/opt/cray/dmapp/default/lib64' '-L/opt/cray/mpt/7.0.4/gni/mpich2-gnu/49/lib' '-L/opt/cray/dmapp/default/lib64' '-L/opt/cray/mpt/7.0.4/gni/mpich2-gnu/49/lib' '-L/opt/cray/rca/1.0.0-2.0502.57212.2.56.ari/lib64' '-L/opt/cray/pmi/5.0.5-1.0000.10300.134.8.ari/lib64' '-L/opt/cray/xpmem/0.1-2.0502.57015.1.15.ari/lib64' '-L/opt/cray/ugni/6.0-1.0502.10245.9.9.ari/lib64' '-L/opt/cray/udreg/2.3.2-1.0502.9889.2.20.ari/lib64' '-L/opt/cray/alps/5.2.3-2.0502.9295.14.14.ari/lib64' '-L/opt/cray/atp/1.7.5/lib' '-L/opt/cray/wlm_detect/1.0-1.0502.57063.1.1.ari/lib64']
  link line: [ /opt/gcc/4.9.1/snos/libexec/gcc/x86_64-suse-linux/4.9.1/collect2 -m elf_x86_64 -static -o cmTC_a088a -u pthread_mutex_trylock -u pthread_mutex_destroy -u pthread_create /usr/lib/../lib64/crt1.o /usr/lib/../lib64/crti.o /opt/gcc/4.9.1/snos/lib/gcc/x86_64-suse-linux/4.9.1/crtbeginT.o -L/opt/cray/libsci/13.0.1/GNU/49/haswell/lib -L/opt/cray/dmapp/default/lib64 -L/opt/cray/mpt/7.0.4/gni/mpich2-gnu/49/lib -L/opt/cray/dmapp/default/lib64 -L/opt/cray/mpt/7.0.4/gni/mpich2-gnu/49/lib -L/opt/cray/dmapp/default/lib64 -L/opt/cray/mpt/7.0.4/gni/mpich2-gnu/49/lib -L/opt/cray/rca/1.0.0-2.0502.57212.2.56.ari/lib64 -L/opt/cray/pmi/5.0.5-1.0000.10300.134.8.ari/lib64 -L/opt/cray/xpmem/0.1-2.0502.57015.1.15.ari/lib64 -L/opt/cray/ugni/6.0-1.0502.10245.9.9.ari/lib64 -L/opt/cray/udreg/2.3.2-1.0502.9889.2.20.ari/lib64 -L/opt/cray/alps/5.2.3-2.0502.9295.14.14.ari/lib64 -L/opt/cray/atp/1.7.5/lib -L/opt/cray/wlm_detect/1.0-1.0502.57063.1.1.ari/lib64 -L/opt/gcc/4.9.1/snos/lib/gcc/x86_64-suse-linux/4.9.1 -L/opt/gcc/4.9.1/snos/lib/gcc/x86_64-suse-linux/4.9.1/../../../../lib64 -L/lib/../lib64 -L/usr/lib/../lib64 -L/opt/gcc/4.9.1/snos/lib/gcc/x86_64-suse-linux/4.9.1/../../.. CMakeFiles/cmTC_a088a.dir/CMakeFortranCompilerABI.F.o -lAtpSigHandler -lAtpSigHCommData --undefined=_ATP_Data_Globals --undefined=__atpHandlerInstall -lpthread -lsci_gnu_49_mpi -lgfortran -lm -lsci_gnu_49 -lgfortran -lm -lmpichf90_gnu_49 -lrt -lugni -lpthread -lpmi -lgfortran -lm -lmpich_gnu_49 -lrt -lugni -lpthread -lpmi -lgfortran -lm -lmpl -lpmi -lpthread -lalpslli -lpthread -lwlm_detect -lugni -lpthread -lalpsutil -lpthread -lrca -lxpmem -ludreg --as-needed -lgfortran -lquadmath --no-as-needed --as-needed -lpthread --no-as-needed -lgfortran -lm --start-group -lgcc -lgcc_eh -lquadmath -lm -lgcc -lgcc_eh -lc --end-group /opt/gcc/4.9.1/snos/lib/gcc/x86_64-suse-linux/4.9.1/crtend.o /usr/lib/../lib64/crtn.o]
    arg [/opt/gcc/4.9.1/snos/libexec/gcc/x86_64-suse-linux/4.9.1/collect2] ==> ignore
    arg [-m] ==> ignore
    arg [elf_x86_64] ==> ignore
    arg [-static] ==> ignore
    arg [-o] ==> ignore
    arg [cmTC_a088a] ==> ignore
    arg [-u] ==> ignore
    arg [pthread_mutex_trylock] ==> ignore
    arg [-u] ==> ignore
    arg [pthread_mutex_destroy] ==> ignore
    arg [-u] ==> ignore
    arg [pthread_create] ==> ignore
    arg [/usr/lib/../lib64/crt1.o] ==> ignore
    arg [/usr/lib/../lib64/crti.o] ==> ignore
    arg [/opt/gcc/4.9.1/snos/lib/gcc/x86_64-suse-linux/4.9.1/crtbeginT.o] ==> ignore
    arg [-L/opt/cray/libsci/13.0.1/GNU/49/haswell/lib] ==> dir [/opt/cray/libsci/13.0.1/GNU/49/haswell/lib]
    arg [-L/opt/cray/dmapp/default/lib64] ==> dir [/opt/cray/dmapp/default/lib64]
    arg [-L/opt/cray/mpt/7.0.4/gni/mpich2-gnu/49/lib] ==> dir [/opt/cray/mpt/7.0.4/gni/mpich2-gnu/49/lib]
    arg [-L/opt/cray/dmapp/default/lib64] ==> dir [/opt/cray/dmapp/default/lib64]
    arg [-L/opt/cray/mpt/7.0.4/gni/mpich2-gnu/49/lib] ==> dir [/opt/cray/mpt/7.0.4/gni/mpich2-gnu/49/lib]
    arg [-L/opt/cray/dmapp/default/lib64] ==> dir [/opt/cray/dmapp/default/lib64]
    arg [-L/opt/cray/mpt/7.0.4/gni/mpich2-gnu/49/lib] ==> dir [/opt/cray/mpt/7.0.4/gni/mpich2-gnu/49/lib]
    arg [-L/opt/cray/rca/1.0.0-2.0502.57212.2.56.ari/lib64] ==> dir [/opt/cray/rca/1.0.0-2.0502.57212.2.56.ari/lib64]
    arg [-L/opt/cray/pmi/5.0.5-1.0000.10300.134.8.ari/lib64] ==> dir [/opt/cray/pmi/5.0.5-1.0000.10300.134.8.ari/lib64]
    arg [-L/opt/cray/xpmem/0.1-2.0502.57015.1.15.ari/lib64] ==> dir [/opt/cray/xpmem/0.1-2.0502.57015.1.15.ari/lib64]
    arg [-L/opt/cray/ugni/6.0-1.0502.10245.9.9.ari/lib64] ==> dir [/opt/cray/ugni/6.0-1.0502.10245.9.9.ari/lib64]
    arg [-L/opt/cray/udreg/2.3.2-1.0502.9889.2.20.ari/lib64] ==> dir [/opt/cray/udreg/2.3.2-1.0502.9889.2.20.ari/lib64]
    arg [-L/opt/cray/alps/5.2.3-2.0502.9295.14.14.ari/lib64] ==> dir [/opt/cray/alps/5.2.3-2.0502.9295.14.14.ari/lib64]
    arg [-L/opt/cray/atp/1.7.5/lib] ==> dir [/opt/cray/atp/1.7.5/lib]
    arg [-L/opt/cray/wlm_detect/1.0-1.0502.57063.1.1.ari/lib64] ==> dir [/opt/cray/wlm_detect/1.0-1.0502.57063.1.1.ari/lib64]
    arg [-L/opt/gcc/4.9.1/snos/lib/gcc/x86_64-suse-linux/4.9.1] ==> dir [/opt/gcc/4.9.1/snos/lib/gcc/x86_64-suse-linux/4.9.1]
    arg [-L/opt/gcc/4.9.1/snos/lib/gcc/x86_64-suse-linux/4.9.1/../../../../lib64] ==> dir [/opt/gcc/4.9.1/snos/lib/gcc/x86_64-suse-linux/4.9.1/../../../../lib64]
    arg [-L/lib/../lib64] ==> dir [/lib/../lib64]
    arg [-L/usr/lib/../lib64] ==> dir [/usr/lib/../lib64]
    arg [-L/opt/gcc/4.9.1/snos/lib/gcc/x86_64-suse-linux/4.9.1/../../..] ==> dir [/opt/gcc/4.9.1/snos/lib/gcc/x86_64-suse-linux/4.9.1/../../..]
    arg [CMakeFiles/cmTC_a088a.dir/CMakeFortranCompilerABI.F.o] ==> ignore
    arg [-lAtpSigHandler] ==> lib [AtpSigHandler]
    arg [-lAtpSigHCommData] ==> lib [AtpSigHCommData]
    arg [--undefined=_ATP_Data_Globals] ==> ignore
    arg [--undefined=__atpHandlerInstall] ==> ignore
    arg [-lpthread] ==> lib [pthread]
    arg [-lsci_gnu_49_mpi] ==> lib [sci_gnu_49_mpi]
    arg [-lgfortran] ==> lib [gfortran]
    arg [-lm] ==> lib [m]
    arg [-lsci_gnu_49] ==> lib [sci_gnu_49]
    arg [-lgfortran] ==> lib [gfortran]
    arg [-lm] ==> lib [m]
    arg [-lmpichf90_gnu_49] ==> lib [mpichf90_gnu_49]
    arg [-lrt] ==> lib [rt]
    arg [-lugni] ==> lib [ugni]
    arg [-lpthread] ==> lib [pthread]
    arg [-lpmi] ==> lib [pmi]
    arg [-lgfortran] ==> lib [gfortran]
    arg [-lm] ==> lib [m]
    arg [-lmpich_gnu_49] ==> lib [mpich_gnu_49]
    arg [-lrt] ==> lib [rt]
    arg [-lugni] ==> lib [ugni]
    arg [-lpthread] ==> lib [pthread]
    arg [-lpmi] ==> lib [pmi]
    arg [-lgfortran] ==> lib [gfortran]
    arg [-lm] ==> lib [m]
    arg [-lmpl] ==> lib [mpl]
    arg [-lpmi] ==> lib [pmi]
    arg [-lpthread] ==> lib [pthread]
    arg [-lalpslli] ==> lib [alpslli]
    arg [-lpthread] ==> lib [pthread]
    arg [-lwlm_detect] ==> lib [wlm_detect]
    arg [-lugni] ==> lib [ugni]
    arg [-lpthread] ==> lib [pthread]
    arg [-lalpsutil] ==> lib [alpsutil]
    arg [-lpthread] ==> lib [pthread]
    arg [-lrca] ==> lib [rca]
    arg [-lxpmem] ==> lib [xpmem]
    arg [-ludreg] ==> lib [udreg]
    arg [--as-needed] ==> ignore
    arg [-lgfortran] ==> lib [gfortran]
    arg [-lquadmath] ==> lib [quadmath]
    arg [--no-as-needed] ==> ignore
    arg [--as-needed] ==> ignore
    arg [-lpthread] ==> lib [pthread]
    arg [--no-as-needed] ==> ignore
    arg [-lgfortran] ==> lib [gfortran]
    arg [-lm] ==> lib [m]
    arg [--start-group] ==> ignore
    arg [-lgcc] ==> lib [gcc]
    arg [-lgcc_eh] ==> lib [gcc_eh]
    arg [-lquadmath] ==> lib [quadmath]
    arg [-lm] ==> lib [m]
    arg [-lgcc] ==> lib [gcc]
    arg [-lgcc_eh] ==> lib [gcc_eh]
    arg [-lc] ==> lib [c]
    arg [--end-group] ==> ignore
    arg [/opt/gcc/4.9.1/snos/lib/gcc/x86_64-suse-linux/4.9.1/crtend.o] ==> ignore
    arg [/usr/lib/../lib64/crtn.o] ==> ignore
  remove lib [gcc]
  remove lib [gcc_eh]
  remove lib [gcc]
  remove lib [gcc_eh]
  collapse library dir [/opt/cray/libsci/13.0.1/GNU/49/haswell/lib] ==> [/opt/cray/libsci/13.0.1/GNU/49/haswell/lib]
  collapse library dir [/opt/cray/dmapp/default/lib64] ==> [/opt/cray/dmapp/default/lib64]
  collapse library dir [/opt/cray/mpt/7.0.4/gni/mpich2-gnu/49/lib] ==> [/opt/cray/mpt/7.0.4/gni/mpich2-gnu/49/lib]
  collapse library dir [/opt/cray/dmapp/default/lib64] ==> [/opt/cray/dmapp/default/lib64]
  collapse library dir [/opt/cray/mpt/7.0.4/gni/mpich2-gnu/49/lib] ==> [/opt/cray/mpt/7.0.4/gni/mpich2-gnu/49/lib]
  collapse library dir [/opt/cray/dmapp/default/lib64] ==> [/opt/cray/dmapp/default/lib64]
  collapse library dir [/opt/cray/mpt/7.0.4/gni/mpich2-gnu/49/lib] ==> [/opt/cray/mpt/7.0.4/gni/mpich2-gnu/49/lib]
  collapse library dir [/opt/cray/rca/1.0.0-2.0502.57212.2.56.ari/lib64] ==> [/opt/cray/rca/1.0.0-2.0502.57212.2.56.ari/lib64]
  collapse library dir [/opt/cray/pmi/5.0.5-1.0000.10300.134.8.ari/lib64] ==> [/opt/cray/pmi/5.0.5-1.0000.10300.134.8.ari/lib64]
  collapse library dir [/opt/cray/xpmem/0.1-2.0502.57015.1.15.ari/lib64] ==> [/opt/cray/xpmem/0.1-2.0502.57015.1.15.ari/lib64]
  collapse library dir [/opt/cray/ugni/6.0-1.0502.10245.9.9.ari/lib64] ==> [/opt/cray/ugni/6.0-1.0502.10245.9.9.ari/lib64]
  collapse library dir [/opt/cray/udreg/2.3.2-1.0502.9889.2.20.ari/lib64] ==> [/opt/cray/udreg/2.3.2-1.0502.9889.2.20.ari/lib64]
  collapse library dir [/opt/cray/alps/5.2.3-2.0502.9295.14.14.ari/lib64] ==> [/opt/cray/alps/5.2.3-2.0502.9295.14.14.ari/lib64]
  collapse library dir [/opt/cray/atp/1.7.5/lib] ==> [/opt/cray/atp/1.7.5/lib]
  collapse library dir [/opt/cray/wlm_detect/1.0-1.0502.57063.1.1.ari/lib64] ==> [/opt/cray/wlm_detect/1.0-1.0502.57063.1.1.ari/lib64]
  collapse library dir [/opt/gcc/4.9.1/snos/lib/gcc/x86_64-suse-linux/4.9.1] ==> [/opt/gcc/4.9.1/snos/lib/gcc/x86_64-suse-linux/4.9.1]
  collapse library dir [/opt/gcc/4.9.1/snos/lib/gcc/x86_64-suse-linux/4.9.1/../../../../lib64] ==> [/opt/gcc/4.9.1/snos/lib64]
  collapse library dir [/lib/../lib64] ==> [/lib64]
  collapse library dir [/usr/lib/../lib64] ==> [/usr/lib64]
  collapse library dir [/opt/gcc/4.9.1/snos/lib/gcc/x86_64-suse-linux/4.9.1/../../..] ==> [/opt/gcc/4.9.1/snos/lib]
  implicit libs: [AtpSigHandler;AtpSigHCommData;pthread;sci_gnu_49_mpi;gfortran;m;sci_gnu_49;gfortran;m;mpichf90_gnu_49;rt;ugni;pthread;pmi;gfortran;m;mpich_gnu_49;rt;ugni;pthread;pmi;gfortran;m;mpl;pmi;pthread;alpslli;pthread;wlm_detect;ugni;pthread;alpsutil;pthread;rca;xpmem;udreg;gfortran;quadmath;pthread;gfortran;m;quadmath;m;c]
  implicit dirs: [/opt/cray/libsci/13.0.1/GNU/49/haswell/lib;/opt/cray/dmapp/default/lib64;/opt/cray/mpt/7.0.4/gni/mpich2-gnu/49/lib;/opt/cray/rca/1.0.0-2.0502.57212.2.56.ari/lib64;/opt/cray/pmi/5.0.5-1.0000.10300.134.8.ari/lib64;/opt/cray/xpmem/0.1-2.0502.57015.1.15.ari/lib64;/opt/cray/ugni/6.0-1.0502.10245.9.9.ari/lib64;/opt/cray/udreg/2.3.2-1.0502.9889.2.20.ari/lib64;/opt/cray/alps/5.2.3-2.0502.9295.14.14.ari/lib64;/opt/cray/atp/1.7.5/lib;/opt/cray/wlm_detect/1.0-1.0502.57063.1.1.ari/lib64;/opt/gcc/4.9.1/snos/lib/gcc/x86_64-suse-linux/4.9.1;/opt/gcc/4.9.1/snos/lib64;/lib64;/usr/lib64;/opt/gcc/4.9.1/snos/lib]
  implicit fwks: []


Determining if the Fortran compiler supports Fortran 90 passed with the following output:
Change Dir: /cfs/klemming/nobackup/s/sarapal/project/BIE_Laplace_PDC/BIE_laplace_Beskow_mpi/build/CMakeFiles/CMakeTmp

Run Build Command:"/usr/bin/gmake" "cmTC_c8033/fast"
/usr/bin/gmake -f CMakeFiles/cmTC_c8033.dir/build.make CMakeFiles/cmTC_c8033.dir/build
gmake[1]: Entering directory `/cfs/klemming/nobackup/s/sarapal/project/BIE_Laplace_PDC/BIE_laplace_Beskow_mpi/build/CMakeFiles/CMakeTmp'
Building Fortran object CMakeFiles/cmTC_c8033.dir/testFortranCompilerF90.f90.o
/opt/cray/craype/2.2.1/bin/ftn     -c /cfs/klemming/nobackup/s/sarapal/project/BIE_Laplace_PDC/BIE_laplace_Beskow_mpi/build/CMakeFiles/CMakeTmp/testFortranCompilerF90.f90 -o CMakeFiles/cmTC_c8033.dir/testFortranCompilerF90.f90.o
Linking Fortran executable cmTC_c8033
/cfs/klemming/pdc.vol.beskow/cmake/3.7.1/bin/cmake -E cmake_link_script CMakeFiles/cmTC_c8033.dir/link.txt --verbose=1
/opt/cray/craype/2.2.1/bin/ftn       CMakeFiles/cmTC_c8033.dir/testFortranCompilerF90.f90.o  -o cmTC_c8033 
gmake[1]: Leaving directory `/cfs/klemming/nobackup/s/sarapal/project/BIE_Laplace_PDC/BIE_laplace_Beskow_mpi/build/CMakeFiles/CMakeTmp'


